#  Table : dust_att 
# Sequence wave         A_lambda_AV 
# -------- ------------ ------------
        1  1.20200e+03  3.53799e+00
        2  1.20400e+03  3.53204e+00
        3  1.20600e+03  3.52614e+00
        4  1.20800e+03  3.52028e+00
        5  1.21000e+03  3.51447e+00
        6  1.21200e+03  3.50869e+00
        7  1.21400e+03  3.50296e+00
        8  1.21600e+03  3.49727e+00
        9  1.21800e+03  3.49162e+00
       10  1.22000e+03  3.48601e+00
       11  1.22200e+03  3.48044e+00
       12  1.22400e+03  3.47491e+00
       13  1.22600e+03  3.46942e+00
       14  1.22800e+03  3.46397e+00
       15  1.23000e+03  3.45856e+00
       16  1.23200e+03  3.45318e+00
       17  1.23400e+03  3.44784e+00
       18  1.23600e+03  3.44254e+00
       19  1.23800e+03  3.43727e+00
       20  1.24000e+03  3.43204e+00
       21  1.24200e+03  3.42685e+00
       22  1.24400e+03  3.42169e+00
       23  1.24600e+03  3.41657e+00
       24  1.24800e+03  3.41148e+00
       25  1.25000e+03  3.40643e+00
       26  1.25200e+03  3.40141e+00
       27  1.25400e+03  3.39642e+00
       28  1.25600e+03  3.39147e+00
       29  1.25800e+03  3.38655e+00
       30  1.26000e+03  3.38166e+00
       31  1.26200e+03  3.37680e+00
       32  1.26400e+03  3.37198e+00
       33  1.26600e+03  3.36719e+00
       34  1.26800e+03  3.36243e+00
       35  1.27000e+03  3.35770e+00
       36  1.27200e+03  3.35300e+00
       37  1.27400e+03  3.34833e+00
       38  1.27600e+03  3.34369e+00
       39  1.27800e+03  3.33908e+00
       40  1.28000e+03  3.33450e+00
       41  1.28200e+03  3.32995e+00
       42  1.28400e+03  3.32543e+00
       43  1.28600e+03  3.32094e+00
       44  1.28800e+03  3.31647e+00
       45  1.29000e+03  3.31204e+00
       46  1.29200e+03  3.30763e+00
       47  1.29400e+03  3.30324e+00
       48  1.29600e+03  3.29889e+00
       49  1.29800e+03  3.29456e+00
       50  1.30000e+03  3.29026e+00
       51  1.30200e+03  3.28598e+00
       52  1.30400e+03  3.28173e+00
       53  1.30600e+03  3.27751e+00
       54  1.30800e+03  3.27331e+00
       55  1.31000e+03  3.26914e+00
       56  1.31200e+03  3.26499e+00
       57  1.31400e+03  3.26087e+00
       58  1.31600e+03  3.25677e+00
       59  1.31800e+03  3.25269e+00
       60  1.32000e+03  3.24864e+00
       61  1.32200e+03  3.24461e+00
       62  1.32400e+03  3.24061e+00
       63  1.32600e+03  3.23663e+00
       64  1.32800e+03  3.23267e+00
       65  1.33000e+03  3.22874e+00
       66  1.33200e+03  3.22483e+00
       67  1.33400e+03  3.22094e+00
       68  1.33600e+03  3.21707e+00
       69  1.33800e+03  3.21323e+00
       70  1.34000e+03  3.20940e+00
       71  1.34200e+03  3.20560e+00
       72  1.34400e+03  3.20182e+00
       73  1.34600e+03  3.19806e+00
       74  1.34800e+03  3.19433e+00
       75  1.35000e+03  3.19061e+00
       76  1.35200e+03  3.18691e+00
       77  1.35400e+03  3.18323e+00
       78  1.35600e+03  3.17958e+00
       79  1.35800e+03  3.17594e+00
       80  1.36000e+03  3.17233e+00
       81  1.36200e+03  3.16873e+00
       82  1.36400e+03  3.16515e+00
       83  1.36600e+03  3.16159e+00
       84  1.36800e+03  3.15805e+00
       85  1.37000e+03  3.15453e+00
       86  1.37200e+03  3.15103e+00
       87  1.37400e+03  3.14755e+00
       88  1.37600e+03  3.14408e+00
       89  1.37800e+03  3.14064e+00
       90  1.38000e+03  3.13721e+00
       91  1.38200e+03  3.13380e+00
       92  1.38400e+03  3.13041e+00
       93  1.38600e+03  3.12703e+00
       94  1.38800e+03  3.12367e+00
       95  1.39000e+03  3.12033e+00
       96  1.39200e+03  3.11701e+00
       97  1.39400e+03  3.11370e+00
       98  1.39600e+03  3.11041e+00
       99  1.39800e+03  3.10714e+00
      100  1.40000e+03  3.10388e+00
      101  1.40200e+03  3.10064e+00
      102  1.40400e+03  3.09742e+00
      103  1.40600e+03  3.09421e+00
      104  1.40800e+03  3.09102e+00
      105  1.41000e+03  3.08784e+00
      106  1.41200e+03  3.08468e+00
      107  1.41400e+03  3.08153e+00
      108  1.41600e+03  3.07840e+00
      109  1.41800e+03  3.07529e+00
      110  1.42000e+03  3.07219e+00
      111  1.42200e+03  3.06910e+00
      112  1.42400e+03  3.06603e+00
      113  1.42600e+03  3.06298e+00
      114  1.42800e+03  3.05994e+00
      115  1.43000e+03  3.05691e+00
      116  1.43200e+03  3.05390e+00
      117  1.43400e+03  3.05090e+00
      118  1.43600e+03  3.04792e+00
      119  1.43800e+03  3.04495e+00
      120  1.44000e+03  3.04199e+00
      121  1.44200e+03  3.03905e+00
      122  1.44400e+03  3.03612e+00
      123  1.44600e+03  3.03321e+00
      124  1.44800e+03  3.03030e+00
      125  1.45000e+03  3.02742e+00
      126  1.45200e+03  3.02454e+00
      127  1.45400e+03  3.02168e+00
      128  1.45600e+03  3.01883e+00
      129  1.45800e+03  3.01599e+00
      130  1.46000e+03  3.01317e+00
      131  1.46200e+03  3.01036e+00
      132  1.46400e+03  3.00756e+00
      133  1.46600e+03  3.00478e+00
      134  1.46800e+03  3.00200e+00
      135  1.47000e+03  2.99924e+00
      136  1.47200e+03  2.99649e+00
      137  1.47400e+03  2.99376e+00
      138  1.47600e+03  2.99103e+00
      139  1.47800e+03  2.98832e+00
      140  1.48000e+03  2.98562e+00
      141  1.48200e+03  2.98293e+00
      142  1.48400e+03  2.98025e+00
      143  1.48600e+03  2.97759e+00
      144  1.48800e+03  2.97493e+00
      145  1.49000e+03  2.97229e+00
      146  1.49200e+03  2.96966e+00
      147  1.49400e+03  2.96704e+00
      148  1.49600e+03  2.96443e+00
      149  1.49800e+03  2.96183e+00
      150  1.50000e+03  2.95924e+00
      151  1.50200e+03  2.95667e+00
      152  1.50400e+03  2.95410e+00
      153  1.50600e+03  2.95155e+00
      154  1.50800e+03  2.94900e+00
      155  1.51000e+03  2.94647e+00
      156  1.51200e+03  2.94395e+00
      157  1.51400e+03  2.94144e+00
      158  1.51600e+03  2.93893e+00
      159  1.51800e+03  2.93644e+00
      160  1.52000e+03  2.93396e+00
      161  1.52200e+03  2.93149e+00
      162  1.52400e+03  2.92903e+00
      163  1.52600e+03  2.92658e+00
      164  1.52800e+03  2.92414e+00
      165  1.53000e+03  2.92171e+00
      166  1.53200e+03  2.91929e+00
      167  1.53400e+03  2.91687e+00
      168  1.53600e+03  2.91447e+00
      169  1.53800e+03  2.91208e+00
      170  1.54000e+03  2.90970e+00
      171  1.54200e+03  2.90733e+00
      172  1.54400e+03  2.90496e+00
      173  1.54600e+03  2.90261e+00
      174  1.54800e+03  2.90027e+00
      175  1.55000e+03  2.89793e+00
      176  1.55200e+03  2.89561e+00
      177  1.55400e+03  2.89329e+00
      178  1.55600e+03  2.89098e+00
      179  1.55800e+03  2.88869e+00
      180  1.56000e+03  2.88640e+00
      181  1.56200e+03  2.88412e+00
      182  1.56400e+03  2.88185e+00
      183  1.56600e+03  2.87959e+00
      184  1.56800e+03  2.87733e+00
      185  1.57000e+03  2.87509e+00
      186  1.57200e+03  2.87285e+00
      187  1.57400e+03  2.87063e+00
      188  1.57600e+03  2.86841e+00
      189  1.57800e+03  2.86620e+00
      190  1.58000e+03  2.86400e+00
      191  1.58200e+03  2.86181e+00
      192  1.58400e+03  2.85963e+00
      193  1.58600e+03  2.85745e+00
      194  1.58800e+03  2.85529e+00
      195  1.59000e+03  2.85313e+00
      196  1.59200e+03  2.85098e+00
      197  1.59400e+03  2.84884e+00
      198  1.59600e+03  2.84671e+00
      199  1.59800e+03  2.84458e+00
      200  1.60000e+03  2.84247e+00
      201  1.60200e+03  2.84036e+00
      202  1.60400e+03  2.83826e+00
      203  1.60600e+03  2.83617e+00
      204  1.60800e+03  2.83409e+00
      205  1.61000e+03  2.83202e+00
      206  1.61200e+03  2.82995e+00
      207  1.61400e+03  2.82789e+00
      208  1.61600e+03  2.82584e+00
      209  1.61800e+03  2.82380e+00
      210  1.62000e+03  2.82177e+00
      211  1.62200e+03  2.81974e+00
      212  1.62400e+03  2.81772e+00
      213  1.62600e+03  2.81571e+00
      214  1.62800e+03  2.81371e+00
      215  1.63000e+03  2.81172e+00
      216  1.63200e+03  2.80973e+00
      217  1.63400e+03  2.80775e+00
      218  1.63600e+03  2.80578e+00
      219  1.63800e+03  2.80382e+00
      220  1.64000e+03  2.80186e+00
      221  1.64200e+03  2.79992e+00
      222  1.64400e+03  2.79798e+00
      223  1.64600e+03  2.79605e+00
      224  1.64800e+03  2.79412e+00
      225  1.65000e+03  2.79221e+00
      226  1.65200e+03  2.79030e+00
      227  1.65400e+03  2.78840e+00
      228  1.65600e+03  2.78651e+00
      229  1.65800e+03  2.78462e+00
      230  1.66000e+03  2.78275e+00
      231  1.66200e+03  2.78088e+00
      232  1.66400e+03  2.77902e+00
      233  1.66600e+03  2.77716e+00
      234  1.66800e+03  2.77532e+00
      235  1.67000e+03  2.77348e+00
      236  1.67200e+03  2.77165e+00
      237  1.67400e+03  2.76983e+00
      238  1.67600e+03  2.76801e+00
      239  1.67800e+03  2.76620e+00
      240  1.68000e+03  2.76441e+00
      241  1.68200e+03  2.76261e+00
      242  1.68400e+03  2.76083e+00
      243  1.68600e+03  2.75905e+00
      244  1.68800e+03  2.75728e+00
      245  1.69000e+03  2.75552e+00
      246  1.69200e+03  2.75377e+00
      247  1.69400e+03  2.75203e+00
      248  1.69600e+03  2.75029e+00
      249  1.69800e+03  2.74856e+00
      250  1.70000e+03  2.74684e+00
      251  1.70200e+03  2.74512e+00
      252  1.70400e+03  2.74342e+00
      253  1.70600e+03  2.74172e+00
      254  1.70800e+03  2.74003e+00
      255  1.71000e+03  2.73835e+00
      256  1.71200e+03  2.73667e+00
      257  1.71400e+03  2.73500e+00
      258  1.71600e+03  2.73335e+00
      259  1.71800e+03  2.73169e+00
      260  1.72000e+03  2.73005e+00
      261  1.72200e+03  2.72842e+00
      262  1.72400e+03  2.72679e+00
      263  1.72600e+03  2.72517e+00
      264  1.72800e+03  2.72356e+00
      265  1.73000e+03  2.72196e+00
      266  1.73200e+03  2.72037e+00
      267  1.73400e+03  2.71878e+00
      268  1.73600e+03  2.71720e+00
      269  1.73800e+03  2.71563e+00
      270  1.74000e+03  2.71407e+00
      271  1.74200e+03  2.71252e+00
      272  1.74400e+03  2.71097e+00
      273  1.74600e+03  2.70944e+00
      274  1.74800e+03  2.70791e+00
      275  1.75000e+03  2.70639e+00
      276  1.75200e+03  2.70488e+00
      277  1.75400e+03  2.70338e+00
      278  1.75600e+03  2.70189e+00
      279  1.75800e+03  2.70040e+00
      280  1.76000e+03  2.69893e+00
      281  1.76200e+03  2.69746e+00
      282  1.76400e+03  2.69600e+00
      283  1.76600e+03  2.69455e+00
      284  1.76800e+03  2.69311e+00
      285  1.77000e+03  2.69168e+00
      286  1.77200e+03  2.69026e+00
      287  1.77400e+03  2.68884e+00
      288  1.77600e+03  2.68744e+00
      289  1.77800e+03  2.68604e+00
      290  1.78000e+03  2.68466e+00
      291  1.78200e+03  2.68328e+00
      292  1.78400e+03  2.68192e+00
      293  1.78600e+03  2.68056e+00
      294  1.78800e+03  2.67921e+00
      295  1.79000e+03  2.67787e+00
      296  1.79200e+03  2.67655e+00
      297  1.79400e+03  2.67523e+00
      298  1.79600e+03  2.67392e+00
      299  1.79800e+03  2.67262e+00
      300  1.80000e+03  2.67133e+00
      301  1.80200e+03  2.67005e+00
      302  1.80400e+03  2.66878e+00
      303  1.80600e+03  2.66753e+00
      304  1.80800e+03  2.66628e+00
      305  1.81000e+03  2.66504e+00
      306  1.81200e+03  2.66382e+00
      307  1.81400e+03  2.66260e+00
      308  1.81600e+03  2.66140e+00
      309  1.81800e+03  2.66020e+00
      310  1.82000e+03  2.65902e+00
      311  1.82200e+03  2.65785e+00
      312  1.82400e+03  2.65669e+00
      313  1.82600e+03  2.65554e+00
      314  1.82800e+03  2.65440e+00
      315  1.83000e+03  2.65327e+00
      316  1.83200e+03  2.65216e+00
      317  1.83400e+03  2.65105e+00
      318  1.83600e+03  2.64996e+00
      319  1.83800e+03  2.64888e+00
      320  1.84000e+03  2.64781e+00
      321  1.84200e+03  2.64676e+00
      322  1.84400e+03  2.64572e+00
      323  1.84600e+03  2.64469e+00
      324  1.84800e+03  2.64367e+00
      325  1.85000e+03  2.64266e+00
      326  1.85200e+03  2.64167e+00
      327  1.85400e+03  2.64069e+00
      328  1.85600e+03  2.63973e+00
      329  1.85800e+03  2.63878e+00
      330  1.86000e+03  2.63784e+00
      331  1.86200e+03  2.63691e+00
      332  1.86400e+03  2.63600e+00
      333  1.86600e+03  2.63510e+00
      334  1.86800e+03  2.63422e+00
      335  1.87000e+03  2.63335e+00
      336  1.87200e+03  2.63250e+00
      337  1.87400e+03  2.63166e+00
      338  1.87600e+03  2.63083e+00
      339  1.87800e+03  2.63002e+00
      340  1.88000e+03  2.62923e+00
      341  1.88200e+03  2.62845e+00
      342  1.88400e+03  2.62768e+00
      343  1.88600e+03  2.62693e+00
      344  1.88800e+03  2.62620e+00
      345  1.89000e+03  2.62548e+00
      346  1.89200e+03  2.62478e+00
      347  1.89400e+03  2.62410e+00
      348  1.89600e+03  2.62343e+00
      349  1.89800e+03  2.62278e+00
      350  1.90000e+03  2.62215e+00
      351  1.90200e+03  2.62153e+00
      352  1.90400e+03  2.62093e+00
      353  1.90600e+03  2.62035e+00
      354  1.90800e+03  2.61979e+00
      355  1.91000e+03  2.61924e+00
      356  1.91200e+03  2.61871e+00
      357  1.91400e+03  2.61820e+00
      358  1.91600e+03  2.61771e+00
      359  1.91800e+03  2.61724e+00
      360  1.92000e+03  2.61679e+00
      361  1.92200e+03  2.61636e+00
      362  1.92400e+03  2.61594e+00
      363  1.92600e+03  2.61555e+00
      364  1.92800e+03  2.61517e+00
      365  1.93000e+03  2.61482e+00
      366  1.93200e+03  2.61449e+00
      367  1.93400e+03  2.61417e+00
      368  1.93600e+03  2.61388e+00
      369  1.93800e+03  2.61361e+00
      370  1.94000e+03  2.61336e+00
      371  1.94200e+03  2.61313e+00
      372  1.94400e+03  2.61293e+00
      373  1.94600e+03  2.61274e+00
      374  1.94800e+03  2.61258e+00
      375  1.95000e+03  2.61244e+00
      376  1.95200e+03  2.61232e+00
      377  1.95400e+03  2.61223e+00
      378  1.95600e+03  2.61216e+00
      379  1.95800e+03  2.61211e+00
      380  1.96000e+03  2.61208e+00
      381  1.96200e+03  2.61208e+00
      382  1.96400e+03  2.61210e+00
      383  1.96600e+03  2.61215e+00
      384  1.96800e+03  2.61222e+00
      385  1.97000e+03  2.61232e+00
      386  1.97200e+03  2.61244e+00
      387  1.97400e+03  2.61258e+00
      388  1.97600e+03  2.61275e+00
      389  1.97800e+03  2.61294e+00
      390  1.98000e+03  2.61316e+00
      391  1.98200e+03  2.61341e+00
      392  1.98400e+03  2.61368e+00
      393  1.98600e+03  2.61397e+00
      394  1.98800e+03  2.61429e+00
      395  1.99000e+03  2.61464e+00
      396  1.99200e+03  2.61501e+00
      397  1.99400e+03  2.61541e+00
      398  1.99600e+03  2.61583e+00
      399  1.99800e+03  2.61628e+00
      400  2.00000e+03  2.61676e+00
      401  2.00200e+03  2.61726e+00
      402  2.00400e+03  2.61779e+00
      403  2.00600e+03  2.61834e+00
      404  2.00800e+03  2.61892e+00
      405  2.01000e+03  2.61952e+00
      406  2.01200e+03  2.62015e+00
      407  2.01400e+03  2.62081e+00
      408  2.01600e+03  2.62149e+00
      409  2.01800e+03  2.62219e+00
      410  2.02000e+03  2.62292e+00
      411  2.02200e+03  2.62367e+00
      412  2.02400e+03  2.62445e+00
      413  2.02600e+03  2.62525e+00
      414  2.02800e+03  2.62607e+00
      415  2.03000e+03  2.62692e+00
      416  2.03200e+03  2.62779e+00
      417  2.03400e+03  2.62868e+00
      418  2.03600e+03  2.62959e+00
      419  2.03800e+03  2.63052e+00
      420  2.04000e+03  2.63148e+00
      421  2.04200e+03  2.63245e+00
      422  2.04400e+03  2.63344e+00
      423  2.04600e+03  2.63445e+00
      424  2.04800e+03  2.63547e+00
      425  2.05000e+03  2.63651e+00
      426  2.05200e+03  2.63757e+00
      427  2.05400e+03  2.63864e+00
      428  2.05600e+03  2.63973e+00
      429  2.05800e+03  2.64083e+00
      430  2.06000e+03  2.64193e+00
      431  2.06200e+03  2.64305e+00
      432  2.06400e+03  2.64418e+00
      433  2.06600e+03  2.64531e+00
      434  2.06800e+03  2.64645e+00
      435  2.07000e+03  2.64759e+00
      436  2.07200e+03  2.64874e+00
      437  2.07400e+03  2.64989e+00
      438  2.07600e+03  2.65104e+00
      439  2.07800e+03  2.65218e+00
      440  2.08000e+03  2.65332e+00
      441  2.08200e+03  2.65446e+00
      442  2.08400e+03  2.65559e+00
      443  2.08600e+03  2.65671e+00
      444  2.08800e+03  2.65782e+00
      445  2.09000e+03  2.65891e+00
      446  2.09200e+03  2.65999e+00
      447  2.09400e+03  2.66106e+00
      448  2.09600e+03  2.66210e+00
      449  2.09800e+03  2.66312e+00
      450  2.10000e+03  2.66412e+00
      451  2.10200e+03  2.66509e+00
      452  2.10400e+03  2.66603e+00
      453  2.10600e+03  2.66694e+00
      454  2.10800e+03  2.66782e+00
      455  2.11000e+03  2.66866e+00
      456  2.11200e+03  2.66946e+00
      457  2.11400e+03  2.67023e+00
      458  2.11600e+03  2.67095e+00
      459  2.11800e+03  2.67162e+00
      460  2.12000e+03  2.67225e+00
      461  2.12200e+03  2.67283e+00
      462  2.12400e+03  2.67335e+00
      463  2.12600e+03  2.67382e+00
      464  2.12800e+03  2.67423e+00
      465  2.13000e+03  2.67459e+00
      466  2.13200e+03  2.67488e+00
      467  2.13400e+03  2.67511e+00
      468  2.13600e+03  2.67527e+00
      469  2.13800e+03  2.67536e+00
      470  2.14000e+03  2.67539e+00
      471  2.14200e+03  2.67534e+00
      472  2.14400e+03  2.67522e+00
      473  2.14600e+03  2.67502e+00
      474  2.14800e+03  2.67475e+00
      475  2.15000e+03  2.67440e+00
      476  2.15200e+03  2.67397e+00
      477  2.15400e+03  2.67345e+00
      478  2.15600e+03  2.67286e+00
      479  2.15800e+03  2.67218e+00
      480  2.16000e+03  2.67142e+00
      481  2.16200e+03  2.67057e+00
      482  2.16400e+03  2.66964e+00
      483  2.16600e+03  2.66862e+00
      484  2.16800e+03  2.66751e+00
      485  2.17000e+03  2.66632e+00
      486  2.17200e+03  2.66503e+00
      487  2.17400e+03  2.66367e+00
      488  2.17600e+03  2.66221e+00
      489  2.17800e+03  2.66067e+00
      490  2.18000e+03  2.65904e+00
      491  2.18200e+03  2.65732e+00
      492  2.18400e+03  2.65552e+00
      493  2.18600e+03  2.65364e+00
      494  2.18800e+03  2.65167e+00
      495  2.19000e+03  2.64962e+00
      496  2.19200e+03  2.64749e+00
      497  2.19400e+03  2.64528e+00
      498  2.19600e+03  2.64299e+00
      499  2.19800e+03  2.64062e+00
      500  2.20000e+03  2.63818e+00
      501  2.20200e+03  2.63566e+00
      502  2.20400e+03  2.63307e+00
      503  2.20600e+03  2.63041e+00
      504  2.20800e+03  2.62768e+00
      505  2.21000e+03  2.62489e+00
      506  2.21200e+03  2.62203e+00
      507  2.21400e+03  2.61910e+00
      508  2.21600e+03  2.61612e+00
      509  2.21800e+03  2.61308e+00
      510  2.22000e+03  2.60998e+00
      511  2.22200e+03  2.60683e+00
      512  2.22400e+03  2.60363e+00
      513  2.22600e+03  2.60038e+00
      514  2.22800e+03  2.59708e+00
      515  2.23000e+03  2.59374e+00
      516  2.23200e+03  2.59036e+00
      517  2.23400e+03  2.58693e+00
      518  2.23600e+03  2.58347e+00
      519  2.23800e+03  2.57997e+00
      520  2.24000e+03  2.57644e+00
      521  2.24200e+03  2.57288e+00
      522  2.24400e+03  2.56928e+00
      523  2.24600e+03  2.56567e+00
      524  2.24800e+03  2.56202e+00
      525  2.25000e+03  2.55836e+00
      526  2.25200e+03  2.55467e+00
      527  2.25400e+03  2.55097e+00
      528  2.25600e+03  2.54725e+00
      529  2.25800e+03  2.54351e+00
      530  2.26000e+03  2.53976e+00
      531  2.26200e+03  2.53600e+00
      532  2.26400e+03  2.53224e+00
      533  2.26600e+03  2.52846e+00
      534  2.26800e+03  2.52468e+00
      535  2.27000e+03  2.52089e+00
      536  2.27200e+03  2.51710e+00
      537  2.27400e+03  2.51331e+00
      538  2.27600e+03  2.50952e+00
      539  2.27800e+03  2.50574e+00
      540  2.28000e+03  2.50195e+00
      541  2.28200e+03  2.49817e+00
      542  2.28400e+03  2.49439e+00
      543  2.28600e+03  2.49063e+00
      544  2.28800e+03  2.48687e+00
      545  2.29000e+03  2.48311e+00
      546  2.29200e+03  2.47937e+00
      547  2.29400e+03  2.47564e+00
      548  2.29600e+03  2.47192e+00
      549  2.29800e+03  2.46821e+00
      550  2.30000e+03  2.46452e+00
      551  2.30200e+03  2.46084e+00
      552  2.30400e+03  2.45717e+00
      553  2.30600e+03  2.45352e+00
      554  2.30800e+03  2.44989e+00
      555  2.31000e+03  2.44627e+00
      556  2.31200e+03  2.44267e+00
      557  2.31400e+03  2.43909e+00
      558  2.31600e+03  2.43552e+00
      559  2.31800e+03  2.43198e+00
      560  2.32000e+03  2.42845e+00
      561  2.32200e+03  2.42494e+00
      562  2.32400e+03  2.42146e+00
      563  2.32600e+03  2.41799e+00
      564  2.32800e+03  2.41454e+00
      565  2.33000e+03  2.41112e+00
      566  2.33200e+03  2.40771e+00
      567  2.33400e+03  2.40433e+00
      568  2.33600e+03  2.40096e+00
      569  2.33800e+03  2.39762e+00
      570  2.34000e+03  2.39430e+00
      571  2.34200e+03  2.39100e+00
      572  2.34400e+03  2.38772e+00
      573  2.34600e+03  2.38447e+00
      574  2.34800e+03  2.38124e+00
      575  2.35000e+03  2.37802e+00
      576  2.35200e+03  2.37483e+00
      577  2.35400e+03  2.37166e+00
      578  2.35600e+03  2.36852e+00
      579  2.35800e+03  2.36539e+00
      580  2.36000e+03  2.36229e+00
      581  2.36200e+03  2.35921e+00
      582  2.36400e+03  2.35615e+00
      583  2.36600e+03  2.35311e+00
      584  2.36800e+03  2.35009e+00
      585  2.37000e+03  2.34710e+00
      586  2.37200e+03  2.34412e+00
      587  2.37400e+03  2.34117e+00
      588  2.37600e+03  2.33824e+00
      589  2.37800e+03  2.33532e+00
      590  2.38000e+03  2.33243e+00
      591  2.38200e+03  2.32956e+00
      592  2.38400e+03  2.32671e+00
      593  2.38600e+03  2.32388e+00
      594  2.38800e+03  2.32107e+00
      595  2.39000e+03  2.31828e+00
      596  2.39200e+03  2.31551e+00
      597  2.39400e+03  2.31276e+00
      598  2.39600e+03  2.31003e+00
      599  2.39800e+03  2.30732e+00
      600  2.40000e+03  2.30463e+00
      601  2.40200e+03  2.30195e+00
      602  2.40400e+03  2.29930e+00
      603  2.40600e+03  2.29666e+00
      604  2.40800e+03  2.29404e+00
      605  2.41000e+03  2.29144e+00
      606  2.41200e+03  2.28886e+00
      607  2.41400e+03  2.28629e+00
      608  2.41600e+03  2.28374e+00
      609  2.41800e+03  2.28121e+00
      610  2.42000e+03  2.27870e+00
      611  2.42200e+03  2.27620e+00
      612  2.42400e+03  2.27372e+00
      613  2.42600e+03  2.27126e+00
      614  2.42800e+03  2.26881e+00
      615  2.43000e+03  2.26638e+00
      616  2.43200e+03  2.26397e+00
      617  2.43400e+03  2.26157e+00
      618  2.43600e+03  2.25919e+00
      619  2.43800e+03  2.25682e+00
      620  2.44000e+03  2.25447e+00
      621  2.44200e+03  2.25213e+00
      622  2.44400e+03  2.24980e+00
      623  2.44600e+03  2.24750e+00
      624  2.44800e+03  2.24520e+00
      625  2.45000e+03  2.24292e+00
      626  2.45200e+03  2.24066e+00
      627  2.45400e+03  2.23841e+00
      628  2.45600e+03  2.23617e+00
      629  2.45800e+03  2.23395e+00
      630  2.46000e+03  2.23173e+00
      631  2.46200e+03  2.22954e+00
      632  2.46400e+03  2.22735e+00
      633  2.46600e+03  2.22518e+00
      634  2.46800e+03  2.22302e+00
      635  2.47000e+03  2.22088e+00
      636  2.47200e+03  2.21874e+00
      637  2.47400e+03  2.21662e+00
      638  2.47600e+03  2.21451e+00
      639  2.47800e+03  2.21242e+00
      640  2.48000e+03  2.21033e+00
      641  2.48200e+03  2.20826e+00
      642  2.48400e+03  2.20619e+00
      643  2.48600e+03  2.20414e+00
      644  2.48800e+03  2.20210e+00
      645  2.49000e+03  2.20007e+00
      646  2.49200e+03  2.19806e+00
      647  2.49400e+03  2.19605e+00
      648  2.49600e+03  2.19405e+00
      649  2.49800e+03  2.19207e+00
      650  2.50000e+03  2.19009e+00
      651  2.50200e+03  2.18812e+00
      652  2.50400e+03  2.18617e+00
      653  2.50600e+03  2.18422e+00
      654  2.50800e+03  2.18229e+00
      655  2.51000e+03  2.18036e+00
      656  2.51200e+03  2.17844e+00
      657  2.51400e+03  2.17654e+00
      658  2.51600e+03  2.17464e+00
      659  2.51800e+03  2.17275e+00
      660  2.52000e+03  2.17087e+00
      661  2.52200e+03  2.16900e+00
      662  2.52400e+03  2.16714e+00
      663  2.52600e+03  2.16529e+00
      664  2.52800e+03  2.16344e+00
      665  2.53000e+03  2.16161e+00
      666  2.53200e+03  2.15978e+00
      667  2.53400e+03  2.15796e+00
      668  2.53600e+03  2.15615e+00
      669  2.53800e+03  2.15435e+00
      670  2.54000e+03  2.15255e+00
      671  2.54200e+03  2.15076e+00
      672  2.54400e+03  2.14898e+00
      673  2.54600e+03  2.14721e+00
      674  2.54800e+03  2.14545e+00
      675  2.55000e+03  2.14369e+00
      676  2.55200e+03  2.14194e+00
      677  2.55400e+03  2.14020e+00
      678  2.55600e+03  2.13847e+00
      679  2.55800e+03  2.13674e+00
      680  2.56000e+03  2.13502e+00
      681  2.56200e+03  2.13331e+00
      682  2.56400e+03  2.13160e+00
      683  2.56600e+03  2.12990e+00
      684  2.56800e+03  2.12821e+00
      685  2.57000e+03  2.12652e+00
      686  2.57200e+03  2.12484e+00
      687  2.57400e+03  2.12317e+00
      688  2.57600e+03  2.12150e+00
      689  2.57800e+03  2.11984e+00
      690  2.58000e+03  2.11819e+00
      691  2.58200e+03  2.11654e+00
      692  2.58400e+03  2.11490e+00
      693  2.58600e+03  2.11326e+00
      694  2.58800e+03  2.11163e+00
      695  2.59000e+03  2.11001e+00
      696  2.59200e+03  2.10839e+00
      697  2.59400e+03  2.10678e+00
      698  2.59600e+03  2.10517e+00
      699  2.59800e+03  2.10357e+00
      700  2.60000e+03  2.10198e+00
      701  2.60200e+03  2.10039e+00
      702  2.60400e+03  2.09880e+00
      703  2.60600e+03  2.09722e+00
      704  2.60800e+03  2.09565e+00
      705  2.61000e+03  2.09408e+00
      706  2.61200e+03  2.09252e+00
      707  2.61400e+03  2.09096e+00
      708  2.61600e+03  2.08940e+00
      709  2.61800e+03  2.08786e+00
      710  2.62000e+03  2.08631e+00
      711  2.62200e+03  2.08477e+00
      712  2.62400e+03  2.08324e+00
      713  2.62600e+03  2.08171e+00
      714  2.62800e+03  2.08019e+00
      715  2.63000e+03  2.07867e+00
      716  2.63200e+03  2.07716e+00
      717  2.63400e+03  2.07565e+00
      718  2.63600e+03  2.07414e+00
      719  2.63800e+03  2.07264e+00
      720  2.64000e+03  2.07114e+00
      721  2.64200e+03  2.06965e+00
      722  2.64400e+03  2.06816e+00
      723  2.64600e+03  2.06668e+00
      724  2.64800e+03  2.06520e+00
      725  2.65000e+03  2.06373e+00
      726  2.65200e+03  2.06226e+00
      727  2.65400e+03  2.06079e+00
      728  2.65600e+03  2.05933e+00
      729  2.65800e+03  2.05787e+00
      730  2.66000e+03  2.05641e+00
      731  2.66200e+03  2.05496e+00
      732  2.66400e+03  2.05352e+00
      733  2.66600e+03  2.05208e+00
      734  2.66800e+03  2.05064e+00
      735  2.67000e+03  2.04920e+00
      736  2.67200e+03  2.04777e+00
      737  2.67400e+03  2.04634e+00
      738  2.67600e+03  2.04492e+00
      739  2.67800e+03  2.04350e+00
      740  2.68000e+03  2.04209e+00
      741  2.68200e+03  2.04067e+00
      742  2.68400e+03  2.03926e+00
      743  2.68600e+03  2.03786e+00
      744  2.68800e+03  2.03646e+00
      745  2.69000e+03  2.03506e+00
      746  2.69200e+03  2.03366e+00
      747  2.69400e+03  2.03227e+00
      748  2.69600e+03  2.03088e+00
      749  2.69800e+03  2.02950e+00
      750  2.70000e+03  2.02812e+00
      751  2.70200e+03  2.02674e+00
      752  2.70400e+03  2.02536e+00
      753  2.70600e+03  2.02399e+00
      754  2.70800e+03  2.02262e+00
      755  2.71000e+03  2.02126e+00
      756  2.71200e+03  2.01990e+00
      757  2.71400e+03  2.01854e+00
      758  2.71600e+03  2.01718e+00
      759  2.71800e+03  2.01583e+00
      760  2.72000e+03  2.01448e+00
      761  2.72200e+03  2.01313e+00
      762  2.72400e+03  2.01179e+00
      763  2.72600e+03  2.01045e+00
      764  2.72800e+03  2.00911e+00
      765  2.73000e+03  2.00777e+00
      766  2.73200e+03  2.00644e+00
      767  2.73400e+03  2.00511e+00
      768  2.73600e+03  2.00379e+00
      769  2.73800e+03  2.00246e+00
      770  2.74000e+03  2.00114e+00
      771  2.74200e+03  1.99982e+00
      772  2.74400e+03  1.99851e+00
      773  2.74600e+03  1.99719e+00
      774  2.74800e+03  1.99588e+00
      775  2.75000e+03  1.99458e+00
      776  2.75200e+03  1.99327e+00
      777  2.75400e+03  1.99197e+00
      778  2.75600e+03  1.99067e+00
      779  2.75800e+03  1.98937e+00
      780  2.76000e+03  1.98808e+00
      781  2.76200e+03  1.98679e+00
      782  2.76400e+03  1.98550e+00
      783  2.76600e+03  1.98421e+00
      784  2.76800e+03  1.98293e+00
      785  2.77000e+03  1.98165e+00
      786  2.77200e+03  1.98037e+00
      787  2.77400e+03  1.97909e+00
      788  2.77600e+03  1.97782e+00
      789  2.77800e+03  1.97654e+00
      790  2.78000e+03  1.97527e+00
      791  2.78200e+03  1.97401e+00
      792  2.78400e+03  1.97274e+00
      793  2.78600e+03  1.97148e+00
      794  2.78800e+03  1.97022e+00
      795  2.79000e+03  1.96896e+00
      796  2.79200e+03  1.96770e+00
      797  2.79400e+03  1.96645e+00
      798  2.79600e+03  1.96520e+00
      799  2.79800e+03  1.96395e+00
      800  2.80000e+03  1.96270e+00
      801  2.80200e+03  1.96146e+00
      802  2.80400e+03  1.96022e+00
      803  2.80600e+03  1.95898e+00
      804  2.80800e+03  1.95774e+00
      805  2.81000e+03  1.95650e+00
      806  2.81200e+03  1.95527e+00
      807  2.81400e+03  1.95404e+00
      808  2.81600e+03  1.95281e+00
      809  2.81800e+03  1.95158e+00
      810  2.82000e+03  1.95035e+00
      811  2.82200e+03  1.94913e+00
      812  2.82400e+03  1.94791e+00
      813  2.82600e+03  1.94669e+00
      814  2.82800e+03  1.94547e+00
      815  2.83000e+03  1.94426e+00
      816  2.83200e+03  1.94304e+00
      817  2.83400e+03  1.94183e+00
      818  2.83600e+03  1.94062e+00
      819  2.83800e+03  1.93942e+00
      820  2.84000e+03  1.93821e+00
      821  2.84200e+03  1.93701e+00
      822  2.84400e+03  1.93580e+00
      823  2.84600e+03  1.93460e+00
      824  2.84800e+03  1.93341e+00
      825  2.85000e+03  1.93221e+00
      826  2.85200e+03  1.93102e+00
      827  2.85400e+03  1.92982e+00
      828  2.85600e+03  1.92863e+00
      829  2.85800e+03  1.92745e+00
      830  2.86000e+03  1.92626e+00
      831  2.86200e+03  1.92507e+00
      832  2.86400e+03  1.92389e+00
      833  2.86600e+03  1.92271e+00
      834  2.86800e+03  1.92153e+00
      835  2.87000e+03  1.92035e+00
      836  2.87200e+03  1.91917e+00
      837  2.87400e+03  1.91800e+00
      838  2.87600e+03  1.91683e+00
      839  2.87800e+03  1.91566e+00
      840  2.88000e+03  1.91449e+00
      841  2.88200e+03  1.91332e+00
      842  2.88400e+03  1.91215e+00
      843  2.88600e+03  1.91099e+00
      844  2.88800e+03  1.90983e+00
      845  2.89000e+03  1.90867e+00
      846  2.89200e+03  1.90751e+00
      847  2.89400e+03  1.90635e+00
      848  2.89600e+03  1.90519e+00
      849  2.89800e+03  1.90404e+00
      850  2.90000e+03  1.90289e+00
      851  2.90200e+03  1.90174e+00
      852  2.90400e+03  1.90059e+00
      853  2.90600e+03  1.89944e+00
      854  2.90800e+03  1.89829e+00
      855  2.91000e+03  1.89715e+00
      856  2.91200e+03  1.89601e+00
      857  2.91400e+03  1.89487e+00
      858  2.91600e+03  1.89373e+00
      859  2.91800e+03  1.89259e+00
      860  2.92000e+03  1.89145e+00
      861  2.92200e+03  1.89032e+00
      862  2.92400e+03  1.88918e+00
      863  2.92600e+03  1.88805e+00
      864  2.92800e+03  1.88692e+00
      865  2.93000e+03  1.88579e+00
      866  2.93200e+03  1.88466e+00
      867  2.93400e+03  1.88354e+00
      868  2.93600e+03  1.88241e+00
      869  2.93800e+03  1.88129e+00
      870  2.94000e+03  1.88017e+00
      871  2.94200e+03  1.87905e+00
      872  2.94400e+03  1.87793e+00
      873  2.94600e+03  1.87681e+00
      874  2.94800e+03  1.87569e+00
      875  2.95000e+03  1.87458e+00
      876  2.95200e+03  1.87347e+00
      877  2.95400e+03  1.87236e+00
      878  2.95600e+03  1.87125e+00
      879  2.95800e+03  1.87014e+00
      880  2.96000e+03  1.86903e+00
      881  2.96200e+03  1.86792e+00
      882  2.96400e+03  1.86682e+00
      883  2.96600e+03  1.86571e+00
      884  2.96800e+03  1.86461e+00
      885  2.97000e+03  1.86351e+00
      886  2.97200e+03  1.86241e+00
      887  2.97400e+03  1.86132e+00
      888  2.97600e+03  1.86022e+00
      889  2.97800e+03  1.85912e+00
      890  2.98000e+03  1.85803e+00
      891  2.98200e+03  1.85694e+00
      892  2.98400e+03  1.85585e+00
      893  2.98600e+03  1.85476e+00
      894  2.98800e+03  1.85367e+00
      895  2.99000e+03  1.85258e+00
      896  2.99200e+03  1.85150e+00
      897  2.99400e+03  1.85041e+00
      898  2.99600e+03  1.84933e+00
      899  2.99800e+03  1.84825e+00
      900  3.00000e+03  1.84717e+00
      901  3.00200e+03  1.84609e+00
      902  3.00400e+03  1.84501e+00
      903  3.00600e+03  1.84393e+00
      904  3.00800e+03  1.84286e+00
      905  3.01000e+03  1.84178e+00
      906  3.01200e+03  1.84071e+00
      907  3.01400e+03  1.83964e+00
      908  3.01600e+03  1.83857e+00
      909  3.01800e+03  1.83750e+00
      910  3.02000e+03  1.83643e+00
      911  3.02200e+03  1.83536e+00
      912  3.02400e+03  1.83430e+00
      913  3.02600e+03  1.83323e+00
      914  3.02800e+03  1.83217e+00
      915  3.03000e+03  1.83111e+00
      916  3.03200e+03  1.83005e+00
      917  3.03400e+03  1.82899e+00
      918  3.03600e+03  1.82793e+00
      919  3.03800e+03  1.82687e+00
      920  3.04000e+03  1.82582e+00
      921  3.04200e+03  1.82476e+00
      922  3.04400e+03  1.82371e+00
      923  3.04600e+03  1.82266e+00
      924  3.04800e+03  1.82161e+00
      925  3.05000e+03  1.82056e+00
      926  3.05200e+03  1.81951e+00
      927  3.05400e+03  1.81846e+00
      928  3.05600e+03  1.81741e+00
      929  3.05800e+03  1.81637e+00
      930  3.06000e+03  1.81532e+00
      931  3.06200e+03  1.81428e+00
      932  3.06400e+03  1.81324e+00
      933  3.06600e+03  1.81220e+00
      934  3.06800e+03  1.81116e+00
      935  3.07000e+03  1.81012e+00
      936  3.07200e+03  1.80908e+00
      937  3.07400e+03  1.80805e+00
      938  3.07600e+03  1.80701e+00
      939  3.07800e+03  1.80598e+00
      940  3.08000e+03  1.80494e+00
      941  3.08200e+03  1.80391e+00
      942  3.08400e+03  1.80288e+00
      943  3.08600e+03  1.80185e+00
      944  3.08800e+03  1.80082e+00
      945  3.09000e+03  1.79980e+00
      946  3.09200e+03  1.79877e+00
      947  3.09400e+03  1.79775e+00
      948  3.09600e+03  1.79672e+00
      949  3.09800e+03  1.79570e+00
      950  3.10000e+03  1.79468e+00
      951  3.10200e+03  1.79365e+00
      952  3.10400e+03  1.79264e+00
      953  3.10600e+03  1.79162e+00
      954  3.10800e+03  1.79060e+00
      955  3.11000e+03  1.78958e+00
      956  3.11200e+03  1.78857e+00
      957  3.11400e+03  1.78755e+00
      958  3.11600e+03  1.78654e+00
      959  3.11800e+03  1.78553e+00
      960  3.12000e+03  1.78451e+00
      961  3.12200e+03  1.78350e+00
      962  3.12400e+03  1.78249e+00
      963  3.12600e+03  1.78149e+00
      964  3.12800e+03  1.78048e+00
      965  3.13000e+03  1.77947e+00
      966  3.13200e+03  1.77847e+00
      967  3.13400e+03  1.77746e+00
      968  3.13600e+03  1.77646e+00
      969  3.13800e+03  1.77546e+00
      970  3.14000e+03  1.77446e+00
      971  3.14200e+03  1.77346e+00
      972  3.14400e+03  1.77246e+00
      973  3.14600e+03  1.77146e+00
      974  3.14800e+03  1.77046e+00
      975  3.15000e+03  1.76947e+00
      976  3.15200e+03  1.76847e+00
      977  3.15400e+03  1.76748e+00
      978  3.15600e+03  1.76648e+00
      979  3.15800e+03  1.76549e+00
      980  3.16000e+03  1.76450e+00
      981  3.16200e+03  1.76351e+00
      982  3.16400e+03  1.76252e+00
      983  3.16600e+03  1.76153e+00
      984  3.16800e+03  1.76055e+00
      985  3.17000e+03  1.75956e+00
      986  3.17200e+03  1.75857e+00
      987  3.17400e+03  1.75759e+00
      988  3.17600e+03  1.75661e+00
      989  3.17800e+03  1.75563e+00
      990  3.18000e+03  1.75464e+00
      991  3.18200e+03  1.75366e+00
      992  3.18400e+03  1.75268e+00
      993  3.18600e+03  1.75170e+00
      994  3.18800e+03  1.75073e+00
      995  3.19000e+03  1.74975e+00
      996  3.19200e+03  1.74877e+00
      997  3.19400e+03  1.74780e+00
      998  3.19600e+03  1.74683e+00
      999  3.19800e+03  1.74585e+00
     1000  3.20000e+03  1.74488e+00
     1001  3.20200e+03  1.74391e+00
     1002  3.20400e+03  1.74294e+00
     1003  3.20600e+03  1.74197e+00
     1004  3.20800e+03  1.74100e+00
     1005  3.21000e+03  1.74004e+00
     1006  3.21200e+03  1.73907e+00
     1007  3.21400e+03  1.73810e+00
     1008  3.21600e+03  1.73714e+00
     1009  3.21800e+03  1.73618e+00
     1010  3.22000e+03  1.73521e+00
     1011  3.22200e+03  1.73425e+00
     1012  3.22400e+03  1.73329e+00
     1013  3.22600e+03  1.73233e+00
     1014  3.22800e+03  1.73137e+00
     1015  3.23000e+03  1.73041e+00
     1016  3.23200e+03  1.72945e+00
     1017  3.23400e+03  1.72850e+00
     1018  3.23600e+03  1.72754e+00
     1019  3.23800e+03  1.72659e+00
     1020  3.24000e+03  1.72563e+00
     1021  3.24200e+03  1.72468e+00
     1022  3.24400e+03  1.72373e+00
     1023  3.24600e+03  1.72278e+00
     1024  3.24800e+03  1.72183e+00
     1025  3.25000e+03  1.72088e+00
     1026  3.25200e+03  1.71993e+00
     1027  3.25400e+03  1.71898e+00
     1028  3.25600e+03  1.71804e+00
     1029  3.25800e+03  1.71709e+00
     1030  3.26000e+03  1.71615e+00
     1031  3.26200e+03  1.71520e+00
     1032  3.26400e+03  1.71426e+00
     1033  3.26600e+03  1.71332e+00
     1034  3.26800e+03  1.71237e+00
     1035  3.27000e+03  1.71143e+00
     1036  3.27200e+03  1.71049e+00
     1037  3.27400e+03  1.70956e+00
     1038  3.27600e+03  1.70862e+00
     1039  3.27800e+03  1.70768e+00
     1040  3.28000e+03  1.70674e+00
     1041  3.28200e+03  1.70581e+00
     1042  3.28400e+03  1.70487e+00
     1043  3.28600e+03  1.70394e+00
     1044  3.28800e+03  1.70301e+00
     1045  3.29000e+03  1.70207e+00
     1046  3.29200e+03  1.70114e+00
     1047  3.29400e+03  1.70021e+00
     1048  3.29600e+03  1.69928e+00
     1049  3.29800e+03  1.69835e+00
     1050  3.30000e+03  1.69743e+00
     1051  3.30200e+03  1.69650e+00
     1052  3.30400e+03  1.69557e+00
     1053  3.30600e+03  1.69465e+00
     1054  3.30800e+03  1.69372e+00
     1055  3.31000e+03  1.69280e+00
     1056  3.31200e+03  1.69188e+00
     1057  3.31400e+03  1.69095e+00
     1058  3.31600e+03  1.69003e+00
     1059  3.31800e+03  1.68911e+00
     1060  3.32000e+03  1.68819e+00
     1061  3.32200e+03  1.68727e+00
     1062  3.32400e+03  1.68636e+00
     1063  3.32600e+03  1.68544e+00
     1064  3.32800e+03  1.68452e+00
     1065  3.33000e+03  1.68361e+00
     1066  3.33200e+03  1.68269e+00
     1067  3.33400e+03  1.68178e+00
     1068  3.33600e+03  1.68086e+00
     1069  3.33800e+03  1.67995e+00
     1070  3.34000e+03  1.67904e+00
     1071  3.34200e+03  1.67813e+00
     1072  3.34400e+03  1.67722e+00
     1073  3.34600e+03  1.67631e+00
     1074  3.34800e+03  1.67540e+00
     1075  3.35000e+03  1.67449e+00
     1076  3.35200e+03  1.67359e+00
     1077  3.35400e+03  1.67268e+00
     1078  3.35600e+03  1.67178e+00
     1079  3.35800e+03  1.67087e+00
     1080  3.36000e+03  1.66997e+00
     1081  3.36200e+03  1.66907e+00
     1082  3.36400e+03  1.66816e+00
     1083  3.36600e+03  1.66726e+00
     1084  3.36800e+03  1.66636e+00
     1085  3.37000e+03  1.66546e+00
     1086  3.37200e+03  1.66456e+00
     1087  3.37400e+03  1.66366e+00
     1088  3.37600e+03  1.66277e+00
     1089  3.37800e+03  1.66187e+00
     1090  3.38000e+03  1.66097e+00
     1091  3.38200e+03  1.66008e+00
     1092  3.38400e+03  1.65918e+00
     1093  3.38600e+03  1.65829e+00
     1094  3.38800e+03  1.65740e+00
     1095  3.39000e+03  1.65651e+00
     1096  3.39200e+03  1.65562e+00
     1097  3.39400e+03  1.65472e+00
     1098  3.39600e+03  1.65384e+00
     1099  3.39800e+03  1.65295e+00
     1100  3.40000e+03  1.65206e+00
     1101  3.40200e+03  1.65117e+00
     1102  3.40400e+03  1.65028e+00
     1103  3.40600e+03  1.64940e+00
     1104  3.40800e+03  1.64851e+00
     1105  3.41000e+03  1.64763e+00
     1106  3.41200e+03  1.64674e+00
     1107  3.41400e+03  1.64586e+00
     1108  3.41600e+03  1.64498e+00
     1109  3.41800e+03  1.64410e+00
     1110  3.42000e+03  1.64322e+00
     1111  3.42200e+03  1.64234e+00
     1112  3.42400e+03  1.64146e+00
     1113  3.42600e+03  1.64058e+00
     1114  3.42800e+03  1.63970e+00
     1115  3.43000e+03  1.63882e+00
     1116  3.43200e+03  1.63795e+00
     1117  3.43400e+03  1.63707e+00
     1118  3.43600e+03  1.63620e+00
     1119  3.43800e+03  1.63532e+00
     1120  3.44000e+03  1.63445e+00
     1121  3.44200e+03  1.63358e+00
     1122  3.44400e+03  1.63271e+00
     1123  3.44600e+03  1.63183e+00
     1124  3.44800e+03  1.63096e+00
     1125  3.45000e+03  1.63009e+00
     1126  3.45200e+03  1.62923e+00
     1127  3.45400e+03  1.62836e+00
     1128  3.45600e+03  1.62749e+00
     1129  3.45800e+03  1.62662e+00
     1130  3.46000e+03  1.62576e+00
     1131  3.46200e+03  1.62489e+00
     1132  3.46400e+03  1.62403e+00
     1133  3.46600e+03  1.62316e+00
     1134  3.46800e+03  1.62230e+00
     1135  3.47000e+03  1.62144e+00
     1136  3.47200e+03  1.62058e+00
     1137  3.47400e+03  1.61971e+00
     1138  3.47600e+03  1.61885e+00
     1139  3.47800e+03  1.61799e+00
     1140  3.48000e+03  1.61714e+00
     1141  3.48200e+03  1.61628e+00
     1142  3.48400e+03  1.61542e+00
     1143  3.48600e+03  1.61456e+00
     1144  3.48800e+03  1.61371e+00
     1145  3.49000e+03  1.61285e+00
     1146  3.49200e+03  1.61200e+00
     1147  3.49400e+03  1.61114e+00
     1148  3.49600e+03  1.61029e+00
     1149  3.49800e+03  1.60944e+00
     1150  3.50000e+03  1.60859e+00
     1151  3.50200e+03  1.60773e+00
     1152  3.50400e+03  1.60688e+00
     1153  3.50600e+03  1.60603e+00
     1154  3.50800e+03  1.60518e+00
     1155  3.51000e+03  1.60434e+00
     1156  3.51200e+03  1.60349e+00
     1157  3.51400e+03  1.60264e+00
     1158  3.51600e+03  1.60180e+00
     1159  3.51800e+03  1.60095e+00
     1160  3.52000e+03  1.60010e+00
     1161  3.52200e+03  1.59926e+00
     1162  3.52400e+03  1.59842e+00
     1163  3.52600e+03  1.59757e+00
     1164  3.52800e+03  1.59673e+00
     1165  3.53000e+03  1.59589e+00
     1166  3.53200e+03  1.59505e+00
     1167  3.53400e+03  1.59421e+00
     1168  3.53600e+03  1.59337e+00
     1169  3.53800e+03  1.59253e+00
     1170  3.54000e+03  1.59169e+00
     1171  3.54200e+03  1.59086e+00
     1172  3.54400e+03  1.59002e+00
     1173  3.54600e+03  1.58918e+00
     1174  3.54800e+03  1.58835e+00
     1175  3.55000e+03  1.58751e+00
     1176  3.55200e+03  1.58668e+00
     1177  3.55400e+03  1.58584e+00
     1178  3.55600e+03  1.58501e+00
     1179  3.55800e+03  1.58418e+00
     1180  3.56000e+03  1.58335e+00
     1181  3.56200e+03  1.58252e+00
     1182  3.56400e+03  1.58169e+00
     1183  3.56600e+03  1.58086e+00
     1184  3.56800e+03  1.58003e+00
     1185  3.57000e+03  1.57920e+00
     1186  3.57200e+03  1.57837e+00
     1187  3.57400e+03  1.57755e+00
     1188  3.57600e+03  1.57672e+00
     1189  3.57800e+03  1.57590e+00
     1190  3.58000e+03  1.57507e+00
     1191  3.58200e+03  1.57425e+00
     1192  3.58400e+03  1.57342e+00
     1193  3.58600e+03  1.57260e+00
     1194  3.58800e+03  1.57178e+00
     1195  3.59000e+03  1.57096e+00
     1196  3.59200e+03  1.57014e+00
     1197  3.59400e+03  1.56932e+00
     1198  3.59600e+03  1.56850e+00
     1199  3.59800e+03  1.56768e+00
     1200  3.60000e+03  1.56686e+00
     1201  3.60200e+03  1.56604e+00
     1202  3.60400e+03  1.56522e+00
     1203  3.60600e+03  1.56441e+00
     1204  3.60800e+03  1.56359e+00
     1205  3.61000e+03  1.56278e+00
     1206  3.61200e+03  1.56196e+00
     1207  3.61400e+03  1.56115e+00
     1208  3.61600e+03  1.56034e+00
     1209  3.61800e+03  1.55952e+00
     1210  3.62000e+03  1.55871e+00
     1211  3.62200e+03  1.55790e+00
     1212  3.62400e+03  1.55709e+00
     1213  3.62600e+03  1.55628e+00
     1214  3.62800e+03  1.55547e+00
     1215  3.63000e+03  1.55466e+00
     1216  3.63200e+03  1.55385e+00
     1217  3.63400e+03  1.55305e+00
     1218  3.63600e+03  1.55224e+00
     1219  3.63800e+03  1.55143e+00
     1220  3.64000e+03  1.55063e+00
     1221  3.64200e+03  1.54982e+00
     1222  3.64400e+03  1.54902e+00
     1223  3.64600e+03  1.54822e+00
     1224  3.64800e+03  1.54741e+00
     1225  3.65000e+03  1.54661e+00
     1226  3.65200e+03  1.54581e+00
     1227  3.65400e+03  1.54501e+00
     1228  3.65600e+03  1.54421e+00
     1229  3.65800e+03  1.54341e+00
     1230  3.66000e+03  1.54261e+00
     1231  3.66200e+03  1.54181e+00
     1232  3.66400e+03  1.54101e+00
     1233  3.66600e+03  1.54021e+00
     1234  3.66800e+03  1.53942e+00
     1235  3.67000e+03  1.53862e+00
     1236  3.67200e+03  1.53783e+00
     1237  3.67400e+03  1.53703e+00
     1238  3.67600e+03  1.53624e+00
     1239  3.67800e+03  1.53544e+00
     1240  3.68000e+03  1.53465e+00
     1241  3.68200e+03  1.53386e+00
     1242  3.68400e+03  1.53307e+00
     1243  3.68600e+03  1.53228e+00
     1244  3.68800e+03  1.53149e+00
     1245  3.69000e+03  1.53070e+00
     1246  3.69200e+03  1.52991e+00
     1247  3.69400e+03  1.52912e+00
     1248  3.69600e+03  1.52833e+00
     1249  3.69800e+03  1.52754e+00
     1250  3.70000e+03  1.52675e+00
     1251  3.70200e+03  1.52597e+00
     1252  3.70400e+03  1.52518e+00
     1253  3.70600e+03  1.52440e+00
     1254  3.70800e+03  1.52361e+00
     1255  3.71000e+03  1.52283e+00
     1256  3.71200e+03  1.52205e+00
     1257  3.71400e+03  1.52126e+00
     1258  3.71600e+03  1.52048e+00
     1259  3.71800e+03  1.51970e+00
     1260  3.72000e+03  1.51892e+00
     1261  3.72200e+03  1.51814e+00
     1262  3.72400e+03  1.51736e+00
     1263  3.72600e+03  1.51658e+00
     1264  3.72800e+03  1.51580e+00
     1265  3.73000e+03  1.51502e+00
     1266  3.73200e+03  1.51425e+00
     1267  3.73400e+03  1.51347e+00
     1268  3.73600e+03  1.51269e+00
     1269  3.73800e+03  1.51192e+00
     1270  3.74000e+03  1.51114e+00
     1271  3.74200e+03  1.51037e+00
     1272  3.74400e+03  1.50960e+00
     1273  3.74600e+03  1.50882e+00
     1274  3.74800e+03  1.50805e+00
     1275  3.75000e+03  1.50728e+00
     1276  3.75200e+03  1.50651e+00
     1277  3.75400e+03  1.50574e+00
     1278  3.75600e+03  1.50497e+00
     1279  3.75800e+03  1.50420e+00
     1280  3.76000e+03  1.50343e+00
     1281  3.76200e+03  1.50266e+00
     1282  3.76400e+03  1.50189e+00
     1283  3.76600e+03  1.50112e+00
     1284  3.76800e+03  1.50036e+00
     1285  3.77000e+03  1.49959e+00
     1286  3.77200e+03  1.49883e+00
     1287  3.77400e+03  1.49806e+00
     1288  3.77600e+03  1.49730e+00
     1289  3.77800e+03  1.49653e+00
     1290  3.78000e+03  1.49577e+00
     1291  3.78200e+03  1.49501e+00
     1292  3.78400e+03  1.49424e+00
     1293  3.78600e+03  1.49348e+00
     1294  3.78800e+03  1.49272e+00
     1295  3.79000e+03  1.49196e+00
     1296  3.79200e+03  1.49120e+00
     1297  3.79400e+03  1.49044e+00
     1298  3.79600e+03  1.48968e+00
     1299  3.79800e+03  1.48893e+00
     1300  3.80000e+03  1.48817e+00
     1301  3.80200e+03  1.48741e+00
     1302  3.80400e+03  1.48666e+00
     1303  3.80600e+03  1.48590e+00
     1304  3.80800e+03  1.48514e+00
     1305  3.81000e+03  1.48439e+00
     1306  3.81200e+03  1.48364e+00
     1307  3.81400e+03  1.48288e+00
     1308  3.81600e+03  1.48213e+00
     1309  3.81800e+03  1.48138e+00
     1310  3.82000e+03  1.48063e+00
     1311  3.82200e+03  1.47987e+00
     1312  3.82400e+03  1.47912e+00
     1313  3.82600e+03  1.47837e+00
     1314  3.82800e+03  1.47762e+00
     1315  3.83000e+03  1.47688e+00
     1316  3.83200e+03  1.47613e+00
     1317  3.83400e+03  1.47538e+00
     1318  3.83600e+03  1.47463e+00
     1319  3.83800e+03  1.47388e+00
     1320  3.84000e+03  1.47314e+00
     1321  3.84200e+03  1.47239e+00
     1322  3.84400e+03  1.47165e+00
     1323  3.84600e+03  1.47090e+00
     1324  3.84800e+03  1.47016e+00
     1325  3.85000e+03  1.46942e+00
     1326  3.85200e+03  1.46867e+00
     1327  3.85400e+03  1.46793e+00
     1328  3.85600e+03  1.46719e+00
     1329  3.85800e+03  1.46645e+00
     1330  3.86000e+03  1.46571e+00
     1331  3.86200e+03  1.46497e+00
     1332  3.86400e+03  1.46423e+00
     1333  3.86600e+03  1.46349e+00
     1334  3.86800e+03  1.46275e+00
     1335  3.87000e+03  1.46201e+00
     1336  3.87200e+03  1.46128e+00
     1337  3.87400e+03  1.46054e+00
     1338  3.87600e+03  1.45980e+00
     1339  3.87800e+03  1.45907e+00
     1340  3.88000e+03  1.45833e+00
     1341  3.88200e+03  1.45760e+00
     1342  3.88400e+03  1.45686e+00
     1343  3.88600e+03  1.45613e+00
     1344  3.88800e+03  1.45540e+00
     1345  3.89000e+03  1.45466e+00
     1346  3.89200e+03  1.45393e+00
     1347  3.89400e+03  1.45320e+00
     1348  3.89600e+03  1.45247e+00
     1349  3.89800e+03  1.45174e+00
     1350  3.90000e+03  1.45101e+00
     1351  3.90200e+03  1.45028e+00
     1352  3.90400e+03  1.44955e+00
     1353  3.90600e+03  1.44882e+00
     1354  3.90800e+03  1.44810e+00
     1355  3.91000e+03  1.44737e+00
     1356  3.91200e+03  1.44664e+00
     1357  3.91400e+03  1.44592e+00
     1358  3.91600e+03  1.44519e+00
     1359  3.91800e+03  1.44447e+00
     1360  3.92000e+03  1.44374e+00
     1361  3.92200e+03  1.44302e+00
     1362  3.92400e+03  1.44230e+00
     1363  3.92600e+03  1.44157e+00
     1364  3.92800e+03  1.44085e+00
     1365  3.93000e+03  1.44013e+00
     1366  3.93200e+03  1.43941e+00
     1367  3.93400e+03  1.43869e+00
     1368  3.93600e+03  1.43797e+00
     1369  3.93800e+03  1.43725e+00
     1370  3.94000e+03  1.43653e+00
     1371  3.94200e+03  1.43581e+00
     1372  3.94400e+03  1.43509e+00
     1373  3.94600e+03  1.43437e+00
     1374  3.94800e+03  1.43366e+00
     1375  3.95000e+03  1.43294e+00
     1376  3.95200e+03  1.43222e+00
     1377  3.95400e+03  1.43151e+00
     1378  3.95600e+03  1.43079e+00
     1379  3.95800e+03  1.43008e+00
     1380  3.96000e+03  1.42937e+00
     1381  3.96200e+03  1.42865e+00
     1382  3.96400e+03  1.42794e+00
     1383  3.96600e+03  1.42723e+00
     1384  3.96800e+03  1.42652e+00
     1385  3.97000e+03  1.42580e+00
     1386  3.97200e+03  1.42509e+00
     1387  3.97400e+03  1.42438e+00
     1388  3.97600e+03  1.42367e+00
     1389  3.97800e+03  1.42296e+00
     1390  3.98000e+03  1.42226e+00
     1391  3.98200e+03  1.42155e+00
     1392  3.98400e+03  1.42084e+00
     1393  3.98600e+03  1.42013e+00
     1394  3.98800e+03  1.41943e+00
     1395  3.99000e+03  1.41872e+00
     1396  3.99200e+03  1.41802e+00
     1397  3.99400e+03  1.41731e+00
     1398  3.99600e+03  1.41661e+00
     1399  3.99800e+03  1.41590e+00
     1400  4.00000e+03  1.41520e+00
     1401  4.00200e+03  1.41449e+00
     1402  4.00400e+03  1.41379e+00
     1403  4.00600e+03  1.41309e+00
     1404  4.00800e+03  1.41239e+00
     1405  4.01000e+03  1.41169e+00
     1406  4.01200e+03  1.41099e+00
     1407  4.01400e+03  1.41029e+00
     1408  4.01600e+03  1.40959e+00
     1409  4.01800e+03  1.40889e+00
     1410  4.02000e+03  1.40819e+00
     1411  4.02200e+03  1.40749e+00
     1412  4.02400e+03  1.40680e+00
     1413  4.02600e+03  1.40610e+00
     1414  4.02800e+03  1.40540e+00
     1415  4.03000e+03  1.40471e+00
     1416  4.03200e+03  1.40401e+00
     1417  4.03400e+03  1.40332e+00
     1418  4.03600e+03  1.40262e+00
     1419  4.03800e+03  1.40193e+00
     1420  4.04000e+03  1.40123e+00
     1421  4.04200e+03  1.40054e+00
     1422  4.04400e+03  1.39985e+00
     1423  4.04600e+03  1.39916e+00
     1424  4.04800e+03  1.39846e+00
     1425  4.05000e+03  1.39777e+00
     1426  4.05200e+03  1.39708e+00
     1427  4.05400e+03  1.39639e+00
     1428  4.05600e+03  1.39570e+00
     1429  4.05800e+03  1.39501e+00
     1430  4.06000e+03  1.39433e+00
     1431  4.06200e+03  1.39364e+00
     1432  4.06400e+03  1.39295e+00
     1433  4.06600e+03  1.39226e+00
     1434  4.06800e+03  1.39158e+00
     1435  4.07000e+03  1.39089e+00
     1436  4.07200e+03  1.39021e+00
     1437  4.07400e+03  1.38952e+00
     1438  4.07600e+03  1.38884e+00
     1439  4.07800e+03  1.38815e+00
     1440  4.08000e+03  1.38747e+00
     1441  4.08200e+03  1.38679e+00
     1442  4.08400e+03  1.38610e+00
     1443  4.08600e+03  1.38542e+00
     1444  4.08800e+03  1.38474e+00
     1445  4.09000e+03  1.38406e+00
     1446  4.09200e+03  1.38338e+00
     1447  4.09400e+03  1.38270e+00
     1448  4.09600e+03  1.38202e+00
     1449  4.09800e+03  1.38134e+00
     1450  4.10000e+03  1.38066e+00
     1451  4.10200e+03  1.37998e+00
     1452  4.10400e+03  1.37930e+00
     1453  4.10600e+03  1.37863e+00
     1454  4.10800e+03  1.37795e+00
     1455  4.11000e+03  1.37727e+00
     1456  4.11200e+03  1.37660e+00
     1457  4.11400e+03  1.37592e+00
     1458  4.11600e+03  1.37525e+00
     1459  4.11800e+03  1.37457e+00
     1460  4.12000e+03  1.37390e+00
     1461  4.12200e+03  1.37323e+00
     1462  4.12400e+03  1.37255e+00
     1463  4.12600e+03  1.37188e+00
     1464  4.12800e+03  1.37121e+00
     1465  4.13000e+03  1.37054e+00
     1466  4.13200e+03  1.36987e+00
     1467  4.13400e+03  1.36920e+00
     1468  4.13600e+03  1.36853e+00
     1469  4.13800e+03  1.36786e+00
     1470  4.14000e+03  1.36719e+00
     1471  4.14200e+03  1.36652e+00
     1472  4.14400e+03  1.36585e+00
     1473  4.14600e+03  1.36518e+00
     1474  4.14800e+03  1.36451e+00
     1475  4.15000e+03  1.36385e+00
     1476  4.15200e+03  1.36318e+00
     1477  4.15400e+03  1.36252e+00
     1478  4.15600e+03  1.36185e+00
     1479  4.15800e+03  1.36119e+00
     1480  4.16000e+03  1.36052e+00
     1481  4.16200e+03  1.35986e+00
     1482  4.16400e+03  1.35919e+00
     1483  4.16600e+03  1.35853e+00
     1484  4.16800e+03  1.35787e+00
     1485  4.17000e+03  1.35721e+00
     1486  4.17200e+03  1.35654e+00
     1487  4.17400e+03  1.35588e+00
     1488  4.17600e+03  1.35522e+00
     1489  4.17800e+03  1.35456e+00
     1490  4.18000e+03  1.35390e+00
     1491  4.18200e+03  1.35324e+00
     1492  4.18400e+03  1.35258e+00
     1493  4.18600e+03  1.35193e+00
     1494  4.18800e+03  1.35127e+00
     1495  4.19000e+03  1.35061e+00
     1496  4.19200e+03  1.34995e+00
     1497  4.19400e+03  1.34930e+00
     1498  4.19600e+03  1.34864e+00
     1499  4.19800e+03  1.34799e+00
     1500  4.20000e+03  1.34733e+00
     1501  4.20200e+03  1.34668e+00
     1502  4.20400e+03  1.34602e+00
     1503  4.20600e+03  1.34537e+00
     1504  4.20800e+03  1.34471e+00
     1505  4.21000e+03  1.34406e+00
     1506  4.21200e+03  1.34341e+00
     1507  4.21400e+03  1.34276e+00
     1508  4.21600e+03  1.34211e+00
     1509  4.21800e+03  1.34145e+00
     1510  4.22000e+03  1.34080e+00
     1511  4.22200e+03  1.34015e+00
     1512  4.22400e+03  1.33950e+00
     1513  4.22600e+03  1.33885e+00
     1514  4.22800e+03  1.33821e+00
     1515  4.23000e+03  1.33756e+00
     1516  4.23200e+03  1.33691e+00
     1517  4.23400e+03  1.33626e+00
     1518  4.23600e+03  1.33562e+00
     1519  4.23800e+03  1.33497e+00
     1520  4.24000e+03  1.33432e+00
     1521  4.24200e+03  1.33368e+00
     1522  4.24400e+03  1.33303e+00
     1523  4.24600e+03  1.33239e+00
     1524  4.24800e+03  1.33174e+00
     1525  4.25000e+03  1.33110e+00
     1526  4.25200e+03  1.33046e+00
     1527  4.25400e+03  1.32981e+00
     1528  4.25600e+03  1.32917e+00
     1529  4.25800e+03  1.32853e+00
     1530  4.26000e+03  1.32789e+00
     1531  4.26200e+03  1.32725e+00
     1532  4.26400e+03  1.32660e+00
     1533  4.26600e+03  1.32596e+00
     1534  4.26800e+03  1.32532e+00
     1535  4.27000e+03  1.32469e+00
     1536  4.27200e+03  1.32405e+00
     1537  4.27400e+03  1.32341e+00
     1538  4.27600e+03  1.32277e+00
     1539  4.27800e+03  1.32213e+00
     1540  4.28000e+03  1.32149e+00
     1541  4.28200e+03  1.32086e+00
     1542  4.28400e+03  1.32022e+00
     1543  4.28600e+03  1.31959e+00
     1544  4.28800e+03  1.31895e+00
     1545  4.29000e+03  1.31832e+00
     1546  4.29200e+03  1.31768e+00
     1547  4.29400e+03  1.31705e+00
     1548  4.29600e+03  1.31641e+00
     1549  4.29800e+03  1.31578e+00
     1550  4.30000e+03  1.31515e+00
     1551  4.30200e+03  1.31451e+00
     1552  4.30400e+03  1.31388e+00
     1553  4.30600e+03  1.31325e+00
     1554  4.30800e+03  1.31262e+00
     1555  4.31000e+03  1.31199e+00
     1556  4.31200e+03  1.31136e+00
     1557  4.31400e+03  1.31073e+00
     1558  4.31600e+03  1.31010e+00
     1559  4.31800e+03  1.30947e+00
     1560  4.32000e+03  1.30884e+00
     1561  4.32200e+03  1.30822e+00
     1562  4.32400e+03  1.30759e+00
     1563  4.32600e+03  1.30696e+00
     1564  4.32800e+03  1.30633e+00
     1565  4.33000e+03  1.30571e+00
     1566  4.33200e+03  1.30508e+00
     1567  4.33400e+03  1.30446e+00
     1568  4.33600e+03  1.30383e+00
     1569  4.33800e+03  1.30321e+00
     1570  4.34000e+03  1.30258e+00
     1571  4.34200e+03  1.30196e+00
     1572  4.34400e+03  1.30134e+00
     1573  4.34600e+03  1.30071e+00
     1574  4.34800e+03  1.30009e+00
     1575  4.35000e+03  1.29947e+00
     1576  4.35200e+03  1.29885e+00
     1577  4.35400e+03  1.29823e+00
     1578  4.35600e+03  1.29761e+00
     1579  4.35800e+03  1.29699e+00
     1580  4.36000e+03  1.29637e+00
     1581  4.36200e+03  1.29575e+00
     1582  4.36400e+03  1.29513e+00
     1583  4.36600e+03  1.29451e+00
     1584  4.36800e+03  1.29389e+00
     1585  4.37000e+03  1.29327e+00
     1586  4.37200e+03  1.29265e+00
     1587  4.37400e+03  1.29204e+00
     1588  4.37600e+03  1.29142e+00
     1589  4.37800e+03  1.29081e+00
     1590  4.38000e+03  1.29019e+00
     1591  4.38200e+03  1.28957e+00
     1592  4.38400e+03  1.28896e+00
     1593  4.38600e+03  1.28835e+00
     1594  4.38800e+03  1.28773e+00
     1595  4.39000e+03  1.28712e+00
     1596  4.39200e+03  1.28650e+00
     1597  4.39400e+03  1.28589e+00
     1598  4.39600e+03  1.28528e+00
     1599  4.39800e+03  1.28467e+00
     1600  4.40000e+03  1.28406e+00
     1601  4.40200e+03  1.28345e+00
     1602  4.40400e+03  1.28283e+00
     1603  4.40600e+03  1.28222e+00
     1604  4.40800e+03  1.28161e+00
     1605  4.41000e+03  1.28101e+00
     1606  4.41200e+03  1.28040e+00
     1607  4.41400e+03  1.27979e+00
     1608  4.41600e+03  1.27918e+00
     1609  4.41800e+03  1.27857e+00
     1610  4.42000e+03  1.27796e+00
     1611  4.42200e+03  1.27736e+00
     1612  4.42400e+03  1.27675e+00
     1613  4.42600e+03  1.27614e+00
     1614  4.42800e+03  1.27554e+00
     1615  4.43000e+03  1.27493e+00
     1616  4.43200e+03  1.27433e+00
     1617  4.43400e+03  1.27372e+00
     1618  4.43600e+03  1.27312e+00
     1619  4.43800e+03  1.27252e+00
     1620  4.44000e+03  1.27191e+00
     1621  4.44200e+03  1.27131e+00
     1622  4.44400e+03  1.27071e+00
     1623  4.44600e+03  1.27011e+00
     1624  4.44800e+03  1.26950e+00
     1625  4.45000e+03  1.26890e+00
     1626  4.45200e+03  1.26830e+00
     1627  4.45400e+03  1.26770e+00
     1628  4.45600e+03  1.26710e+00
     1629  4.45800e+03  1.26650e+00
     1630  4.46000e+03  1.26590e+00
     1631  4.46200e+03  1.26530e+00
     1632  4.46400e+03  1.26471e+00
     1633  4.46600e+03  1.26411e+00
     1634  4.46800e+03  1.26351e+00
     1635  4.47000e+03  1.26291e+00
     1636  4.47200e+03  1.26232e+00
     1637  4.47400e+03  1.26172e+00
     1638  4.47600e+03  1.26112e+00
     1639  4.47800e+03  1.26053e+00
     1640  4.48000e+03  1.25993e+00
     1641  4.48200e+03  1.25934e+00
     1642  4.48400e+03  1.25874e+00
     1643  4.48600e+03  1.25815e+00
     1644  4.48800e+03  1.25756e+00
     1645  4.49000e+03  1.25696e+00
     1646  4.49200e+03  1.25637e+00
     1647  4.49400e+03  1.25578e+00
     1648  4.49600e+03  1.25519e+00
     1649  4.49800e+03  1.25460e+00
     1650  4.50000e+03  1.25400e+00
     1651  4.50200e+03  1.25341e+00
     1652  4.50400e+03  1.25282e+00
     1653  4.50600e+03  1.25223e+00
     1654  4.50800e+03  1.25164e+00
     1655  4.51000e+03  1.25105e+00
     1656  4.51200e+03  1.25047e+00
     1657  4.51400e+03  1.24988e+00
     1658  4.51600e+03  1.24929e+00
     1659  4.51800e+03  1.24870e+00
     1660  4.52000e+03  1.24811e+00
     1661  4.52200e+03  1.24753e+00
     1662  4.52400e+03  1.24694e+00
     1663  4.52600e+03  1.24635e+00
     1664  4.52800e+03  1.24577e+00
     1665  4.53000e+03  1.24518e+00
     1666  4.53200e+03  1.24460e+00
     1667  4.53400e+03  1.24401e+00
     1668  4.53600e+03  1.24343e+00
     1669  4.53800e+03  1.24285e+00
     1670  4.54000e+03  1.24226e+00
     1671  4.54200e+03  1.24168e+00
     1672  4.54400e+03  1.24110e+00
     1673  4.54600e+03  1.24052e+00
     1674  4.54800e+03  1.23993e+00
     1675  4.55000e+03  1.23935e+00
     1676  4.55200e+03  1.23877e+00
     1677  4.55400e+03  1.23819e+00
     1678  4.55600e+03  1.23761e+00
     1679  4.55800e+03  1.23703e+00
     1680  4.56000e+03  1.23645e+00
     1681  4.56200e+03  1.23587e+00
     1682  4.56400e+03  1.23529e+00
     1683  4.56600e+03  1.23472e+00
     1684  4.56800e+03  1.23414e+00
     1685  4.57000e+03  1.23356e+00
     1686  4.57200e+03  1.23298e+00
     1687  4.57400e+03  1.23241e+00
     1688  4.57600e+03  1.23183e+00
     1689  4.57800e+03  1.23125e+00
     1690  4.58000e+03  1.23068e+00
     1691  4.58200e+03  1.23010e+00
     1692  4.58400e+03  1.22953e+00
     1693  4.58600e+03  1.22895e+00
     1694  4.58800e+03  1.22838e+00
     1695  4.59000e+03  1.22781e+00
     1696  4.59200e+03  1.22723e+00
     1697  4.59400e+03  1.22666e+00
     1698  4.59600e+03  1.22609e+00
     1699  4.59800e+03  1.22551e+00
     1700  4.60000e+03  1.22494e+00
     1701  4.60200e+03  1.22437e+00
     1702  4.60400e+03  1.22380e+00
     1703  4.60600e+03  1.22323e+00
     1704  4.60800e+03  1.22266e+00
     1705  4.61000e+03  1.22209e+00
     1706  4.61200e+03  1.22152e+00
     1707  4.61400e+03  1.22095e+00
     1708  4.61600e+03  1.22038e+00
     1709  4.61800e+03  1.21981e+00
     1710  4.62000e+03  1.21925e+00
     1711  4.62200e+03  1.21868e+00
     1712  4.62400e+03  1.21811e+00
     1713  4.62600e+03  1.21754e+00
     1714  4.62800e+03  1.21698e+00
     1715  4.63000e+03  1.21641e+00
     1716  4.63200e+03  1.21584e+00
     1717  4.63400e+03  1.21528e+00
     1718  4.63600e+03  1.21471e+00
     1719  4.63800e+03  1.21415e+00
     1720  4.64000e+03  1.21359e+00
     1721  4.64200e+03  1.21302e+00
     1722  4.64400e+03  1.21246e+00
     1723  4.64600e+03  1.21189e+00
     1724  4.64800e+03  1.21133e+00
     1725  4.65000e+03  1.21077e+00
     1726  4.65200e+03  1.21021e+00
     1727  4.65400e+03  1.20965e+00
     1728  4.65600e+03  1.20908e+00
     1729  4.65800e+03  1.20852e+00
     1730  4.66000e+03  1.20796e+00
     1731  4.66200e+03  1.20740e+00
     1732  4.66400e+03  1.20684e+00
     1733  4.66600e+03  1.20628e+00
     1734  4.66800e+03  1.20572e+00
     1735  4.67000e+03  1.20516e+00
     1736  4.67200e+03  1.20461e+00
     1737  4.67400e+03  1.20405e+00
     1738  4.67600e+03  1.20349e+00
     1739  4.67800e+03  1.20293e+00
     1740  4.68000e+03  1.20238e+00
     1741  4.68200e+03  1.20182e+00
     1742  4.68400e+03  1.20126e+00
     1743  4.68600e+03  1.20071e+00
     1744  4.68800e+03  1.20015e+00
     1745  4.69000e+03  1.19960e+00
     1746  4.69200e+03  1.19904e+00
     1747  4.69400e+03  1.19849e+00
     1748  4.69600e+03  1.19793e+00
     1749  4.69800e+03  1.19738e+00
     1750  4.70000e+03  1.19683e+00
     1751  4.70200e+03  1.19627e+00
     1752  4.70400e+03  1.19572e+00
     1753  4.70600e+03  1.19517e+00
     1754  4.70800e+03  1.19462e+00
     1755  4.71000e+03  1.19407e+00
     1756  4.71200e+03  1.19351e+00
     1757  4.71400e+03  1.19296e+00
     1758  4.71600e+03  1.19241e+00
     1759  4.71800e+03  1.19186e+00
     1760  4.72000e+03  1.19131e+00
     1761  4.72200e+03  1.19076e+00
     1762  4.72400e+03  1.19021e+00
     1763  4.72600e+03  1.18967e+00
     1764  4.72800e+03  1.18912e+00
     1765  4.73000e+03  1.18857e+00
     1766  4.73200e+03  1.18802e+00
     1767  4.73400e+03  1.18747e+00
     1768  4.73600e+03  1.18693e+00
     1769  4.73800e+03  1.18638e+00
     1770  4.74000e+03  1.18583e+00
     1771  4.74200e+03  1.18529e+00
     1772  4.74400e+03  1.18474e+00
     1773  4.74600e+03  1.18420e+00
     1774  4.74800e+03  1.18365e+00
     1775  4.75000e+03  1.18311e+00
     1776  4.75200e+03  1.18257e+00
     1777  4.75400e+03  1.18202e+00
     1778  4.75600e+03  1.18148e+00
     1779  4.75800e+03  1.18093e+00
     1780  4.76000e+03  1.18039e+00
     1781  4.76200e+03  1.17985e+00
     1782  4.76400e+03  1.17931e+00
     1783  4.76600e+03  1.17877e+00
     1784  4.76800e+03  1.17823e+00
     1785  4.77000e+03  1.17768e+00
     1786  4.77200e+03  1.17714e+00
     1787  4.77400e+03  1.17660e+00
     1788  4.77600e+03  1.17606e+00
     1789  4.77800e+03  1.17552e+00
     1790  4.78000e+03  1.17498e+00
     1791  4.78200e+03  1.17445e+00
     1792  4.78400e+03  1.17391e+00
     1793  4.78600e+03  1.17337e+00
     1794  4.78800e+03  1.17283e+00
     1795  4.79000e+03  1.17229e+00
     1796  4.79200e+03  1.17176e+00
     1797  4.79400e+03  1.17122e+00
     1798  4.79600e+03  1.17068e+00
     1799  4.79800e+03  1.17015e+00
     1800  4.80000e+03  1.16961e+00
     1801  4.80200e+03  1.16908e+00
     1802  4.80400e+03  1.16854e+00
     1803  4.80600e+03  1.16801e+00
     1804  4.80800e+03  1.16747e+00
     1805  4.81000e+03  1.16694e+00
     1806  4.81200e+03  1.16641e+00
     1807  4.81400e+03  1.16587e+00
     1808  4.81600e+03  1.16534e+00
     1809  4.81800e+03  1.16481e+00
     1810  4.82000e+03  1.16427e+00
     1811  4.82200e+03  1.16374e+00
     1812  4.82400e+03  1.16321e+00
     1813  4.82600e+03  1.16268e+00
     1814  4.82800e+03  1.16215e+00
     1815  4.83000e+03  1.16162e+00
     1816  4.83200e+03  1.16109e+00
     1817  4.83400e+03  1.16056e+00
     1818  4.83600e+03  1.16003e+00
     1819  4.83800e+03  1.15950e+00
     1820  4.84000e+03  1.15897e+00
     1821  4.84200e+03  1.15844e+00
     1822  4.84400e+03  1.15791e+00
     1823  4.84600e+03  1.15739e+00
     1824  4.84800e+03  1.15686e+00
     1825  4.85000e+03  1.15633e+00
     1826  4.85200e+03  1.15580e+00
     1827  4.85400e+03  1.15528e+00
     1828  4.85600e+03  1.15475e+00
     1829  4.85800e+03  1.15423e+00
     1830  4.86000e+03  1.15370e+00
     1831  4.86200e+03  1.15317e+00
     1832  4.86400e+03  1.15265e+00
     1833  4.86600e+03  1.15213e+00
     1834  4.86800e+03  1.15160e+00
     1835  4.87000e+03  1.15108e+00
     1836  4.87200e+03  1.15055e+00
     1837  4.87400e+03  1.15003e+00
     1838  4.87600e+03  1.14951e+00
     1839  4.87800e+03  1.14899e+00
     1840  4.88000e+03  1.14846e+00
     1841  4.88200e+03  1.14794e+00
     1842  4.88400e+03  1.14742e+00
     1843  4.88600e+03  1.14690e+00
     1844  4.88800e+03  1.14638e+00
     1845  4.89000e+03  1.14586e+00
     1846  4.89200e+03  1.14534e+00
     1847  4.89400e+03  1.14482e+00
     1848  4.89600e+03  1.14430e+00
     1849  4.89800e+03  1.14378e+00
     1850  4.90000e+03  1.14326e+00
     1851  4.90200e+03  1.14274e+00
     1852  4.90400e+03  1.14222e+00
     1853  4.90600e+03  1.14171e+00
     1854  4.90800e+03  1.14119e+00
     1855  4.91000e+03  1.14067e+00
     1856  4.91200e+03  1.14015e+00
     1857  4.91400e+03  1.13964e+00
     1858  4.91600e+03  1.13912e+00
     1859  4.91800e+03  1.13861e+00
     1860  4.92000e+03  1.13809e+00
     1861  4.92200e+03  1.13757e+00
     1862  4.92400e+03  1.13706e+00
     1863  4.92600e+03  1.13655e+00
     1864  4.92800e+03  1.13603e+00
     1865  4.93000e+03  1.13552e+00
     1866  4.93200e+03  1.13500e+00
     1867  4.93400e+03  1.13449e+00
     1868  4.93600e+03  1.13398e+00
     1869  4.93800e+03  1.13346e+00
     1870  4.94000e+03  1.13295e+00
     1871  4.94200e+03  1.13244e+00
     1872  4.94400e+03  1.13193e+00
     1873  4.94600e+03  1.13142e+00
     1874  4.94800e+03  1.13091e+00
     1875  4.95000e+03  1.13040e+00
     1876  4.95200e+03  1.12989e+00
     1877  4.95400e+03  1.12938e+00
     1878  4.95600e+03  1.12887e+00
     1879  4.95800e+03  1.12836e+00
     1880  4.96000e+03  1.12785e+00
     1881  4.96200e+03  1.12734e+00
     1882  4.96400e+03  1.12683e+00
     1883  4.96600e+03  1.12632e+00
     1884  4.96800e+03  1.12581e+00
     1885  4.97000e+03  1.12531e+00
     1886  4.97200e+03  1.12480e+00
     1887  4.97400e+03  1.12429e+00
     1888  4.97600e+03  1.12379e+00
     1889  4.97800e+03  1.12328e+00
     1890  4.98000e+03  1.12277e+00
     1891  4.98200e+03  1.12227e+00
     1892  4.98400e+03  1.12176e+00
     1893  4.98600e+03  1.12126e+00
     1894  4.98800e+03  1.12075e+00
     1895  4.99000e+03  1.12025e+00
     1896  4.99200e+03  1.11975e+00
     1897  4.99400e+03  1.11924e+00
     1898  4.99600e+03  1.11874e+00
     1899  4.99800e+03  1.11823e+00
     1900  5.00000e+03  1.11773e+00
     1901  5.00200e+03  1.11723e+00
     1902  5.00400e+03  1.11673e+00
     1903  5.00600e+03  1.11623e+00
     1904  5.00800e+03  1.11572e+00
     1905  5.01000e+03  1.11522e+00
     1906  5.01200e+03  1.11472e+00
     1907  5.01400e+03  1.11422e+00
     1908  5.01600e+03  1.11372e+00
     1909  5.01800e+03  1.11322e+00
     1910  5.02000e+03  1.11272e+00
     1911  5.02200e+03  1.11222e+00
     1912  5.02400e+03  1.11172e+00
     1913  5.02600e+03  1.11123e+00
     1914  5.02800e+03  1.11073e+00
     1915  5.03000e+03  1.11023e+00
     1916  5.03200e+03  1.10973e+00
     1917  5.03400e+03  1.10923e+00
     1918  5.03600e+03  1.10874e+00
     1919  5.03800e+03  1.10824e+00
     1920  5.04000e+03  1.10774e+00
     1921  5.04200e+03  1.10725e+00
     1922  5.04400e+03  1.10675e+00
     1923  5.04600e+03  1.10626e+00
     1924  5.04800e+03  1.10576e+00
     1925  5.05000e+03  1.10527e+00
     1926  5.05200e+03  1.10477e+00
     1927  5.05400e+03  1.10428e+00
     1928  5.05600e+03  1.10378e+00
     1929  5.05800e+03  1.10329e+00
     1930  5.06000e+03  1.10280e+00
     1931  5.06200e+03  1.10230e+00
     1932  5.06400e+03  1.10181e+00
     1933  5.06600e+03  1.10132e+00
     1934  5.06800e+03  1.10083e+00
     1935  5.07000e+03  1.10033e+00
     1936  5.07200e+03  1.09984e+00
     1937  5.07400e+03  1.09935e+00
     1938  5.07600e+03  1.09886e+00
     1939  5.07800e+03  1.09837e+00
     1940  5.08000e+03  1.09788e+00
     1941  5.08200e+03  1.09739e+00
     1942  5.08400e+03  1.09690e+00
     1943  5.08600e+03  1.09641e+00
     1944  5.08800e+03  1.09592e+00
     1945  5.09000e+03  1.09543e+00
     1946  5.09200e+03  1.09494e+00
     1947  5.09400e+03  1.09446e+00
     1948  5.09600e+03  1.09397e+00
     1949  5.09800e+03  1.09348e+00
     1950  5.10000e+03  1.09299e+00
     1951  5.10200e+03  1.09251e+00
     1952  5.10400e+03  1.09202e+00
     1953  5.10600e+03  1.09153e+00
     1954  5.10800e+03  1.09105e+00
     1955  5.11000e+03  1.09056e+00
     1956  5.11200e+03  1.09008e+00
     1957  5.11400e+03  1.08959e+00
     1958  5.11600e+03  1.08911e+00
     1959  5.11800e+03  1.08862e+00
     1960  5.12000e+03  1.08814e+00
     1961  5.12200e+03  1.08765e+00
     1962  5.12400e+03  1.08717e+00
     1963  5.12600e+03  1.08669e+00
     1964  5.12800e+03  1.08620e+00
     1965  5.13000e+03  1.08572e+00
     1966  5.13200e+03  1.08524e+00
     1967  5.13400e+03  1.08475e+00
     1968  5.13600e+03  1.08427e+00
     1969  5.13800e+03  1.08379e+00
     1970  5.14000e+03  1.08331e+00
     1971  5.14200e+03  1.08283e+00
     1972  5.14400e+03  1.08235e+00
     1973  5.14600e+03  1.08187e+00
     1974  5.14800e+03  1.08139e+00
     1975  5.15000e+03  1.08091e+00
     1976  5.15200e+03  1.08043e+00
     1977  5.15400e+03  1.07995e+00
     1978  5.15600e+03  1.07947e+00
     1979  5.15800e+03  1.07899e+00
     1980  5.16000e+03  1.07851e+00
     1981  5.16200e+03  1.07804e+00
     1982  5.16400e+03  1.07756e+00
     1983  5.16600e+03  1.07708e+00
     1984  5.16800e+03  1.07660e+00
     1985  5.17000e+03  1.07613e+00
     1986  5.17200e+03  1.07565e+00
     1987  5.17400e+03  1.07517e+00
     1988  5.17600e+03  1.07470e+00
     1989  5.17800e+03  1.07422e+00
     1990  5.18000e+03  1.07375e+00
     1991  5.18200e+03  1.07327e+00
     1992  5.18400e+03  1.07280e+00
     1993  5.18600e+03  1.07232e+00
     1994  5.18800e+03  1.07185e+00
     1995  5.19000e+03  1.07137e+00
     1996  5.19200e+03  1.07090e+00
     1997  5.19400e+03  1.07043e+00
     1998  5.19600e+03  1.06995e+00
     1999  5.19800e+03  1.06948e+00
     2000  5.20000e+03  1.06901e+00
     2001  5.20200e+03  1.06854e+00
     2002  5.20400e+03  1.06806e+00
     2003  5.20600e+03  1.06759e+00
     2004  5.20800e+03  1.06712e+00
     2005  5.21000e+03  1.06665e+00
     2006  5.21200e+03  1.06618e+00
     2007  5.21400e+03  1.06571e+00
     2008  5.21600e+03  1.06524e+00
     2009  5.21800e+03  1.06477e+00
     2010  5.22000e+03  1.06430e+00
     2011  5.22200e+03  1.06383e+00
     2012  5.22400e+03  1.06336e+00
     2013  5.22600e+03  1.06289e+00
     2014  5.22800e+03  1.06242e+00
     2015  5.23000e+03  1.06195e+00
     2016  5.23200e+03  1.06149e+00
     2017  5.23400e+03  1.06102e+00
     2018  5.23600e+03  1.06055e+00
     2019  5.23800e+03  1.06008e+00
     2020  5.24000e+03  1.05962e+00
     2021  5.24200e+03  1.05915e+00
     2022  5.24400e+03  1.05869e+00
     2023  5.24600e+03  1.05822e+00
     2024  5.24800e+03  1.05775e+00
     2025  5.25000e+03  1.05729e+00
     2026  5.25200e+03  1.05682e+00
     2027  5.25400e+03  1.05636e+00
     2028  5.25600e+03  1.05589e+00
     2029  5.25800e+03  1.05543e+00
     2030  5.26000e+03  1.05497e+00
     2031  5.26200e+03  1.05450e+00
     2032  5.26400e+03  1.05404e+00
     2033  5.26600e+03  1.05358e+00
     2034  5.26800e+03  1.05311e+00
     2035  5.27000e+03  1.05265e+00
     2036  5.27200e+03  1.05219e+00
     2037  5.27400e+03  1.05173e+00
     2038  5.27600e+03  1.05126e+00
     2039  5.27800e+03  1.05080e+00
     2040  5.28000e+03  1.05034e+00
     2041  5.28200e+03  1.04988e+00
     2042  5.28400e+03  1.04942e+00
     2043  5.28600e+03  1.04896e+00
     2044  5.28800e+03  1.04850e+00
     2045  5.29000e+03  1.04804e+00
     2046  5.29200e+03  1.04758e+00
     2047  5.29400e+03  1.04712e+00
     2048  5.29600e+03  1.04666e+00
     2049  5.29800e+03  1.04620e+00
     2050  5.30000e+03  1.04575e+00
     2051  5.30200e+03  1.04529e+00
     2052  5.30400e+03  1.04483e+00
     2053  5.30600e+03  1.04437e+00
     2054  5.30800e+03  1.04391e+00
     2055  5.31000e+03  1.04346e+00
     2056  5.31200e+03  1.04300e+00
     2057  5.31400e+03  1.04254e+00
     2058  5.31600e+03  1.04209e+00
     2059  5.31800e+03  1.04163e+00
     2060  5.32000e+03  1.04118e+00
     2061  5.32200e+03  1.04072e+00
     2062  5.32400e+03  1.04027e+00
     2063  5.32600e+03  1.03981e+00
     2064  5.32800e+03  1.03936e+00
     2065  5.33000e+03  1.03890e+00
     2066  5.33200e+03  1.03845e+00
     2067  5.33400e+03  1.03800e+00
     2068  5.33600e+03  1.03754e+00
     2069  5.33800e+03  1.03709e+00
     2070  5.34000e+03  1.03664e+00
     2071  5.34200e+03  1.03618e+00
     2072  5.34400e+03  1.03573e+00
     2073  5.34600e+03  1.03528e+00
     2074  5.34800e+03  1.03483e+00
     2075  5.35000e+03  1.03438e+00
     2076  5.35200e+03  1.03392e+00
     2077  5.35400e+03  1.03347e+00
     2078  5.35600e+03  1.03302e+00
     2079  5.35800e+03  1.03257e+00
     2080  5.36000e+03  1.03212e+00
     2081  5.36200e+03  1.03167e+00
     2082  5.36400e+03  1.03122e+00
     2083  5.36600e+03  1.03077e+00
     2084  5.36800e+03  1.03032e+00
     2085  5.37000e+03  1.02988e+00
     2086  5.37200e+03  1.02943e+00
     2087  5.37400e+03  1.02898e+00
     2088  5.37600e+03  1.02853e+00
     2089  5.37800e+03  1.02808e+00
     2090  5.38000e+03  1.02764e+00
     2091  5.38200e+03  1.02719e+00
     2092  5.38400e+03  1.02674e+00
     2093  5.38600e+03  1.02629e+00
     2094  5.38800e+03  1.02585e+00
     2095  5.39000e+03  1.02540e+00
     2096  5.39200e+03  1.02496e+00
     2097  5.39400e+03  1.02451e+00
     2098  5.39600e+03  1.02407e+00
     2099  5.39800e+03  1.02362e+00
     2100  5.40000e+03  1.02318e+00
     2101  5.40200e+03  1.02273e+00
     2102  5.40400e+03  1.02229e+00
     2103  5.40600e+03  1.02184e+00
     2104  5.40800e+03  1.02140e+00
     2105  5.41000e+03  1.02096e+00
     2106  5.41200e+03  1.02051e+00
     2107  5.41400e+03  1.02007e+00
     2108  5.41600e+03  1.01963e+00
     2109  5.41800e+03  1.01918e+00
     2110  5.42000e+03  1.01874e+00
     2111  5.42200e+03  1.01830e+00
     2112  5.42400e+03  1.01786e+00
     2113  5.42600e+03  1.01742e+00
     2114  5.42800e+03  1.01698e+00
     2115  5.43000e+03  1.01654e+00
     2116  5.43200e+03  1.01609e+00
     2117  5.43400e+03  1.01565e+00
     2118  5.43600e+03  1.01521e+00
     2119  5.43800e+03  1.01477e+00
     2120  5.44000e+03  1.01434e+00
     2121  5.44200e+03  1.01390e+00
     2122  5.44400e+03  1.01346e+00
     2123  5.44600e+03  1.01302e+00
     2124  5.44800e+03  1.01258e+00
     2125  5.45000e+03  1.01214e+00
     2126  5.45200e+03  1.01170e+00
     2127  5.45400e+03  1.01127e+00
     2128  5.45600e+03  1.01083e+00
     2129  5.45800e+03  1.01039e+00
     2130  5.46000e+03  1.00995e+00
     2131  5.46200e+03  1.00952e+00
     2132  5.46400e+03  1.00908e+00
     2133  5.46600e+03  1.00864e+00
     2134  5.46800e+03  1.00821e+00
     2135  5.47000e+03  1.00777e+00
     2136  5.47200e+03  1.00734e+00
     2137  5.47400e+03  1.00690e+00
     2138  5.47600e+03  1.00647e+00
     2139  5.47800e+03  1.00603e+00
     2140  5.48000e+03  1.00560e+00
     2141  5.48200e+03  1.00516e+00
     2142  5.48400e+03  1.00473e+00
     2143  5.48600e+03  1.00430e+00
     2144  5.48800e+03  1.00386e+00
     2145  5.49000e+03  1.00343e+00
     2146  5.49200e+03  1.00300e+00
     2147  5.49400e+03  1.00257e+00
     2148  5.49600e+03  1.00213e+00
     2149  5.49800e+03  1.00170e+00
     2150  5.50000e+03  1.00127e+00
     2151  5.50200e+03  1.00084e+00
     2152  5.50400e+03  1.00041e+00
     2153  5.50600e+03  9.99976e-01
     2154  5.50800e+03  9.99545e-01
     2155  5.51000e+03  9.99114e-01
     2156  5.51200e+03  9.98684e-01
     2157  5.51400e+03  9.98254e-01
     2158  5.51600e+03  9.97824e-01
     2159  5.51800e+03  9.97395e-01
     2160  5.52000e+03  9.96966e-01
     2161  5.52200e+03  9.96536e-01
     2162  5.52400e+03  9.96108e-01
     2163  5.52600e+03  9.95679e-01
     2164  5.52800e+03  9.95251e-01
     2165  5.53000e+03  9.94823e-01
     2166  5.53200e+03  9.94395e-01
     2167  5.53400e+03  9.93968e-01
     2168  5.53600e+03  9.93540e-01
     2169  5.53800e+03  9.93114e-01
     2170  5.54000e+03  9.92687e-01
     2171  5.54200e+03  9.92260e-01
     2172  5.54400e+03  9.91834e-01
     2173  5.54600e+03  9.91408e-01
     2174  5.54800e+03  9.90982e-01
     2175  5.55000e+03  9.90557e-01
     2176  5.55200e+03  9.90132e-01
     2177  5.55400e+03  9.89707e-01
     2178  5.55600e+03  9.89282e-01
     2179  5.55800e+03  9.88857e-01
     2180  5.56000e+03  9.88433e-01
     2181  5.56200e+03  9.88009e-01
     2182  5.56400e+03  9.87585e-01
     2183  5.56600e+03  9.87162e-01
     2184  5.56800e+03  9.86739e-01
     2185  5.57000e+03  9.86316e-01
     2186  5.57200e+03  9.85893e-01
     2187  5.57400e+03  9.85470e-01
     2188  5.57600e+03  9.85048e-01
     2189  5.57800e+03  9.84626e-01
     2190  5.58000e+03  9.84204e-01
     2191  5.58200e+03  9.83783e-01
     2192  5.58400e+03  9.83362e-01
     2193  5.58600e+03  9.82940e-01
     2194  5.58800e+03  9.82520e-01
     2195  5.59000e+03  9.82099e-01
     2196  5.59200e+03  9.81679e-01
     2197  5.59400e+03  9.81259e-01
     2198  5.59600e+03  9.80839e-01
     2199  5.59800e+03  9.80419e-01
     2200  5.60000e+03  9.80000e-01
     2201  5.60200e+03  9.79581e-01
     2202  5.60400e+03  9.79162e-01
     2203  5.60600e+03  9.78744e-01
     2204  5.60800e+03  9.78325e-01
     2205  5.61000e+03  9.77907e-01
     2206  5.61200e+03  9.77489e-01
     2207  5.61400e+03  9.77072e-01
     2208  5.61600e+03  9.76654e-01
     2209  5.61800e+03  9.76237e-01
     2210  5.62000e+03  9.75820e-01
     2211  5.62200e+03  9.75404e-01
     2212  5.62400e+03  9.74987e-01
     2213  5.62600e+03  9.74571e-01
     2214  5.62800e+03  9.74155e-01
     2215  5.63000e+03  9.73739e-01
     2216  5.63200e+03  9.73324e-01
     2217  5.63400e+03  9.72909e-01
     2218  5.63600e+03  9.72494e-01
     2219  5.63800e+03  9.72079e-01
     2220  5.64000e+03  9.71665e-01
     2221  5.64200e+03  9.71251e-01
     2222  5.64400e+03  9.70837e-01
     2223  5.64600e+03  9.70423e-01
     2224  5.64800e+03  9.70009e-01
     2225  5.65000e+03  9.69596e-01
     2226  5.65200e+03  9.69183e-01
     2227  5.65400e+03  9.68770e-01
     2228  5.65600e+03  9.68358e-01
     2229  5.65800e+03  9.67945e-01
     2230  5.66000e+03  9.67533e-01
     2231  5.66200e+03  9.67121e-01
     2232  5.66400e+03  9.66710e-01
     2233  5.66600e+03  9.66298e-01
     2234  5.66800e+03  9.65887e-01
     2235  5.67000e+03  9.65476e-01
     2236  5.67200e+03  9.65066e-01
     2237  5.67400e+03  9.64655e-01
     2238  5.67600e+03  9.64245e-01
     2239  5.67800e+03  9.63835e-01
     2240  5.68000e+03  9.63426e-01
     2241  5.68200e+03  9.63016e-01
     2242  5.68400e+03  9.62607e-01
     2243  5.68600e+03  9.62198e-01
     2244  5.68800e+03  9.61789e-01
     2245  5.69000e+03  9.61381e-01
     2246  5.69200e+03  9.60972e-01
     2247  5.69400e+03  9.60564e-01
     2248  5.69600e+03  9.60156e-01
     2249  5.69800e+03  9.59749e-01
     2250  5.70000e+03  9.59342e-01
     2251  5.70200e+03  9.58934e-01
     2252  5.70400e+03  9.58528e-01
     2253  5.70600e+03  9.58121e-01
     2254  5.70800e+03  9.57714e-01
     2255  5.71000e+03  9.57308e-01
     2256  5.71200e+03  9.56902e-01
     2257  5.71400e+03  9.56497e-01
     2258  5.71600e+03  9.56091e-01
     2259  5.71800e+03  9.55686e-01
     2260  5.72000e+03  9.55281e-01
     2261  5.72200e+03  9.54876e-01
     2262  5.72400e+03  9.54472e-01
     2263  5.72600e+03  9.54067e-01
     2264  5.72800e+03  9.53663e-01
     2265  5.73000e+03  9.53259e-01
     2266  5.73200e+03  9.52856e-01
     2267  5.73400e+03  9.52452e-01
     2268  5.73600e+03  9.52049e-01
     2269  5.73800e+03  9.51646e-01
     2270  5.74000e+03  9.51244e-01
     2271  5.74200e+03  9.50841e-01
     2272  5.74400e+03  9.50439e-01
     2273  5.74600e+03  9.50037e-01
     2274  5.74800e+03  9.49635e-01
     2275  5.75000e+03  9.49234e-01
     2276  5.75200e+03  9.48832e-01
     2277  5.75400e+03  9.48431e-01
     2278  5.75600e+03  9.48030e-01
     2279  5.75800e+03  9.47630e-01
     2280  5.76000e+03  9.47229e-01
     2281  5.76200e+03  9.46829e-01
     2282  5.76400e+03  9.46429e-01
     2283  5.76600e+03  9.46030e-01
     2284  5.76800e+03  9.45630e-01
     2285  5.77000e+03  9.45231e-01
     2286  5.77200e+03  9.44832e-01
     2287  5.77400e+03  9.44433e-01
     2288  5.77600e+03  9.44035e-01
     2289  5.77800e+03  9.43636e-01
     2290  5.78000e+03  9.43238e-01
     2291  5.78200e+03  9.42840e-01
     2292  5.78400e+03  9.42443e-01
     2293  5.78600e+03  9.42045e-01
     2294  5.78800e+03  9.41648e-01
     2295  5.79000e+03  9.41251e-01
     2296  5.79200e+03  9.40854e-01
     2297  5.79400e+03  9.40458e-01
     2298  5.79600e+03  9.40061e-01
     2299  5.79800e+03  9.39665e-01
     2300  5.80000e+03  9.39269e-01
     2301  5.80200e+03  9.38874e-01
     2302  5.80400e+03  9.38478e-01
     2303  5.80600e+03  9.38083e-01
     2304  5.80800e+03  9.37688e-01
     2305  5.81000e+03  9.37294e-01
     2306  5.81200e+03  9.36899e-01
     2307  5.81400e+03  9.36505e-01
     2308  5.81600e+03  9.36111e-01
     2309  5.81800e+03  9.35717e-01
     2310  5.82000e+03  9.35323e-01
     2311  5.82200e+03  9.34930e-01
     2312  5.82400e+03  9.34537e-01
     2313  5.82600e+03  9.34144e-01
     2314  5.82800e+03  9.33751e-01
     2315  5.83000e+03  9.33359e-01
     2316  5.83200e+03  9.32966e-01
     2317  5.83400e+03  9.32574e-01
     2318  5.83600e+03  9.32183e-01
     2319  5.83800e+03  9.31791e-01
     2320  5.84000e+03  9.31400e-01
     2321  5.84200e+03  9.31008e-01
     2322  5.84400e+03  9.30618e-01
     2323  5.84600e+03  9.30227e-01
     2324  5.84800e+03  9.29836e-01
     2325  5.85000e+03  9.29446e-01
     2326  5.85200e+03  9.29056e-01
     2327  5.85400e+03  9.28666e-01
     2328  5.85600e+03  9.28277e-01
     2329  5.85800e+03  9.27887e-01
     2330  5.86000e+03  9.27498e-01
     2331  5.86200e+03  9.27109e-01
     2332  5.86400e+03  9.26720e-01
     2333  5.86600e+03  9.26332e-01
     2334  5.86800e+03  9.25944e-01
     2335  5.87000e+03  9.25555e-01
     2336  5.87200e+03  9.25168e-01
     2337  5.87400e+03  9.24780e-01
     2338  5.87600e+03  9.24393e-01
     2339  5.87800e+03  9.24005e-01
     2340  5.88000e+03  9.23618e-01
     2341  5.88200e+03  9.23232e-01
     2342  5.88400e+03  9.22845e-01
     2343  5.88600e+03  9.22459e-01
     2344  5.88800e+03  9.22073e-01
     2345  5.89000e+03  9.21687e-01
     2346  5.89200e+03  9.21301e-01
     2347  5.89400e+03  9.20916e-01
     2348  5.89600e+03  9.20530e-01
     2349  5.89800e+03  9.20145e-01
     2350  5.90000e+03  9.19761e-01
     2351  5.90200e+03  9.19376e-01
     2352  5.90400e+03  9.18992e-01
     2353  5.90600e+03  9.18608e-01
     2354  5.90800e+03  9.18224e-01
     2355  5.91000e+03  9.17840e-01
     2356  5.91200e+03  9.17456e-01
     2357  5.91400e+03  9.17073e-01
     2358  5.91600e+03  9.16690e-01
     2359  5.91800e+03  9.16307e-01
     2360  5.92000e+03  9.15924e-01
     2361  5.92200e+03  9.15542e-01
     2362  5.92400e+03  9.15160e-01
     2363  5.92600e+03  9.14778e-01
     2364  5.92800e+03  9.14396e-01
     2365  5.93000e+03  9.14015e-01
     2366  5.93200e+03  9.13633e-01
     2367  5.93400e+03  9.13252e-01
     2368  5.93600e+03  9.12871e-01
     2369  5.93800e+03  9.12490e-01
     2370  5.94000e+03  9.12110e-01
     2371  5.94200e+03  9.11730e-01
     2372  5.94400e+03  9.11350e-01
     2373  5.94600e+03  9.10970e-01
     2374  5.94800e+03  9.10590e-01
     2375  5.95000e+03  9.10210e-01
     2376  5.95200e+03  9.09831e-01
     2377  5.95400e+03  9.09452e-01
     2378  5.95600e+03  9.09073e-01
     2379  5.95800e+03  9.08695e-01
     2380  5.96000e+03  9.08316e-01
     2381  5.96200e+03  9.07938e-01
     2382  5.96400e+03  9.07560e-01
     2383  5.96600e+03  9.07183e-01
     2384  5.96800e+03  9.06805e-01
     2385  5.97000e+03  9.06428e-01
     2386  5.97200e+03  9.06051e-01
     2387  5.97400e+03  9.05674e-01
     2388  5.97600e+03  9.05297e-01
     2389  5.97800e+03  9.04921e-01
     2390  5.98000e+03  9.04544e-01
     2391  5.98200e+03  9.04168e-01
     2392  5.98400e+03  9.03792e-01
     2393  5.98600e+03  9.03417e-01
     2394  5.98800e+03  9.03041e-01
     2395  5.99000e+03  9.02666e-01
     2396  5.99200e+03  9.02291e-01
     2397  5.99400e+03  9.01916e-01
     2398  5.99600e+03  9.01542e-01
     2399  5.99800e+03  9.01167e-01
     2400  6.00000e+03  9.00793e-01
# -------- ------------ ------------
